0 info it worked if it ends with ok
1 verbose cli [ 'C:\\Program Files\\nodejs\\node.exe',
1 verbose cli   'C:\\Program Files\\nodejs\\node_modules\\npm\\bin\\npm-cli.js',
1 verbose cli   'install',
1 verbose cli   'libxmljs' ]
2 info using npm@3.3.12
3 info using node@v5.3.0
4 silly loadCurrentTree Starting
5 silly install loadCurrentTree
6 silly install readLocalPackageData
7 silly fetchPackageMetaData libxmljs@^0.15.0
8 silly fetchNamedPackageData libxmljs
9 silly mapToRegistry name libxmljs
10 silly mapToRegistry using default registry
11 silly mapToRegistry registry https://registry.npmjs.org/
12 silly mapToRegistry uri https://registry.npmjs.org/libxmljs
13 verbose request uri https://registry.npmjs.org/libxmljs
14 verbose request no auth needed
15 info attempt registry request try #1 at 11:45:17
16 verbose request id 89966ca3355dc0e4
17 verbose etag "1CBP9RYRZV6FO784DE3PLC93O"
18 http request GET https://registry.npmjs.org/libxmljs
19 http 304 https://registry.npmjs.org/libxmljs
20 verbose headers { date: 'Mon, 28 Dec 2015 09:45:20 GMT',
20 verbose headers   via: '1.1 varnish',
20 verbose headers   'cache-control': 'max-age=300',
20 verbose headers   etag: '"1CBP9RYRZV6FO784DE3PLC93O"',
20 verbose headers   age: '0',
20 verbose headers   connection: 'keep-alive',
20 verbose headers   'x-served-by': 'cache-ams4149-AMS',
20 verbose headers   'x-cache': 'HIT',
20 verbose headers   'x-cache-hits': '1',
20 verbose headers   'x-timer': 'S1451295920.567351,VS0,VE766',
20 verbose headers   vary: 'Accept' }
21 silly get cb [ 304,
21 silly get   { date: 'Mon, 28 Dec 2015 09:45:20 GMT',
21 silly get     via: '1.1 varnish',
21 silly get     'cache-control': 'max-age=300',
21 silly get     etag: '"1CBP9RYRZV6FO784DE3PLC93O"',
21 silly get     age: '0',
21 silly get     connection: 'keep-alive',
21 silly get     'x-served-by': 'cache-ams4149-AMS',
21 silly get     'x-cache': 'HIT',
21 silly get     'x-cache-hits': '1',
21 silly get     'x-timer': 'S1451295920.567351,VS0,VE766',
21 silly get     vary: 'Accept' } ]
22 verbose etag https://registry.npmjs.org/libxmljs from cache
23 verbose get saving libxmljs to C:\Users\hibou_000\AppData\Roaming\npm-cache\registry.npmjs.org\libxmljs\.cache.json
24 silly install normalizeTree
25 silly loadCurrentTree Finishing
26 silly loadIdealTree Starting
27 silly install loadIdealTree
28 silly cloneCurrentTree Starting
29 silly install cloneCurrentTreeToIdealTree
30 silly cloneCurrentTree Finishing
31 silly loadShrinkwrap Starting
32 silly install loadShrinkwrap
33 silly loadShrinkwrap Finishing
34 silly loadAllDepsIntoIdealTree Starting
35 silly install loadAllDepsIntoIdealTree
36 silly resolveWithNewModule libxmljs@0.15.0 checking installable status
37 silly cache add args [ 'libxmljs@^0.15.0', null ]
38 verbose cache add spec libxmljs@^0.15.0
39 silly cache add parsed spec Result {
39 silly cache add   raw: 'libxmljs@^0.15.0',
39 silly cache add   scope: null,
39 silly cache add   name: 'libxmljs',
39 silly cache add   rawSpec: '^0.15.0',
39 silly cache add   spec: '>=0.15.0 <0.16.0',
39 silly cache add   type: 'range' }
40 silly addNamed libxmljs@>=0.15.0 <0.16.0
41 verbose addNamed ">=0.15.0 <0.16.0" is a valid semver range for libxmljs
42 silly addNameRange { name: 'libxmljs', range: '>=0.15.0 <0.16.0', hasData: false }
43 silly mapToRegistry name libxmljs
44 silly mapToRegistry using default registry
45 silly mapToRegistry registry https://registry.npmjs.org/
46 silly mapToRegistry uri https://registry.npmjs.org/libxmljs
47 verbose addNameRange registry:https://registry.npmjs.org/libxmljs not in flight; fetching
48 verbose get https://registry.npmjs.org/libxmljs not expired, no request
49 silly addNameRange number 2 { name: 'libxmljs', range: '>=0.15.0 <0.16.0', hasData: true }
50 silly addNameRange versions [ 'libxmljs',
50 silly addNameRange   [ '0.4.1',
50 silly addNameRange     '0.4.2',
50 silly addNameRange     '0.4.3',
50 silly addNameRange     '0.5.0',
50 silly addNameRange     '0.5.1',
50 silly addNameRange     '0.5.2',
50 silly addNameRange     '0.5.3',
50 silly addNameRange     '0.5.4',
50 silly addNameRange     '0.6.0',
50 silly addNameRange     '0.6.1',
50 silly addNameRange     '0.7.0',
50 silly addNameRange     '0.7.1',
50 silly addNameRange     '0.8.0',
50 silly addNameRange     '0.8.1',
50 silly addNameRange     '0.9.0',
50 silly addNameRange     '0.10.0',
50 silly addNameRange     '0.11.0',
50 silly addNameRange     '0.11.1',
50 silly addNameRange     '0.12.0',
50 silly addNameRange     '0.13.0',
50 silly addNameRange     '0.14.0',
50 silly addNameRange     '0.14.1',
50 silly addNameRange     '0.14.2',
50 silly addNameRange     '0.14.3',
50 silly addNameRange     '0.15.0',
50 silly addNameRange     '0.16.0',
50 silly addNameRange     '0.16.1' ] ]
51 silly addNamed libxmljs@0.15.0
52 verbose addNamed "0.15.0" is a plain semver version for libxmljs
53 silly cache afterAdd libxmljs@0.15.0
54 verbose afterAdd C:\Users\hibou_000\AppData\Roaming\npm-cache\libxmljs\0.15.0\package\package.json not in flight; writing
55 verbose afterAdd C:\Users\hibou_000\AppData\Roaming\npm-cache\libxmljs\0.15.0\package\package.json written
56 silly fetchNamedPackageData bindings
57 silly mapToRegistry name bindings
58 silly mapToRegistry using default registry
59 silly mapToRegistry registry https://registry.npmjs.org/
60 silly mapToRegistry uri https://registry.npmjs.org/bindings
61 silly fetchNamedPackageData nan
62 silly mapToRegistry name nan
63 silly mapToRegistry using default registry
64 silly mapToRegistry registry https://registry.npmjs.org/
65 silly mapToRegistry uri https://registry.npmjs.org/nan
66 verbose request uri https://registry.npmjs.org/bindings
67 verbose request no auth needed
68 info attempt registry request try #1 at 11:45:19
69 verbose etag "2RXG5K4RRQWEOOFOAOOKVPOZR"
70 http request GET https://registry.npmjs.org/bindings
71 verbose request uri https://registry.npmjs.org/nan
72 verbose request no auth needed
73 info attempt registry request try #1 at 11:45:19
74 verbose etag "7CEDVJA24M9BXRU7SU6WRSW4M"
75 http request GET https://registry.npmjs.org/nan
76 http 304 https://registry.npmjs.org/bindings
77 verbose headers { date: 'Mon, 28 Dec 2015 09:45:22 GMT',
77 verbose headers   via: '1.1 varnish',
77 verbose headers   'cache-control': 'max-age=60',
77 verbose headers   etag: '"2RXG5K4RRQWEOOFOAOOKVPOZR"',
77 verbose headers   age: '13',
77 verbose headers   connection: 'keep-alive',
77 verbose headers   'x-served-by': 'cache-ams4127-AMS',
77 verbose headers   'x-cache': 'HIT',
77 verbose headers   'x-cache-hits': '2',
77 verbose headers   'x-timer': 'S1451295922.331256,VS0,VE0',
77 verbose headers   vary: 'Accept' }
78 silly get cb [ 304,
78 silly get   { date: 'Mon, 28 Dec 2015 09:45:22 GMT',
78 silly get     via: '1.1 varnish',
78 silly get     'cache-control': 'max-age=60',
78 silly get     etag: '"2RXG5K4RRQWEOOFOAOOKVPOZR"',
78 silly get     age: '13',
78 silly get     connection: 'keep-alive',
78 silly get     'x-served-by': 'cache-ams4127-AMS',
78 silly get     'x-cache': 'HIT',
78 silly get     'x-cache-hits': '2',
78 silly get     'x-timer': 'S1451295922.331256,VS0,VE0',
78 silly get     vary: 'Accept' } ]
79 verbose etag https://registry.npmjs.org/bindings from cache
80 verbose get saving bindings to C:\Users\hibou_000\AppData\Roaming\npm-cache\registry.npmjs.org\bindings\.cache.json
81 silly resolveWithNewModule bindings@1.2.1 checking installable status
82 silly cache add args [ 'bindings@1.2.1', null ]
83 verbose cache add spec bindings@1.2.1
84 silly cache add parsed spec Result {
84 silly cache add   raw: 'bindings@1.2.1',
84 silly cache add   scope: null,
84 silly cache add   name: 'bindings',
84 silly cache add   rawSpec: '1.2.1',
84 silly cache add   spec: '1.2.1',
84 silly cache add   type: 'version' }
85 silly addNamed bindings@1.2.1
86 verbose addNamed "1.2.1" is a plain semver version for bindings
87 silly mapToRegistry name bindings
88 silly mapToRegistry using default registry
89 silly mapToRegistry registry https://registry.npmjs.org/
90 silly mapToRegistry uri https://registry.npmjs.org/bindings
91 verbose addNameVersion registry:https://registry.npmjs.org/bindings not in flight; fetching
92 verbose get https://registry.npmjs.org/bindings not expired, no request
93 http 304 https://registry.npmjs.org/nan
94 verbose headers { date: 'Mon, 28 Dec 2015 09:45:22 GMT',
94 verbose headers   via: '1.1 varnish',
94 verbose headers   'cache-control': 'max-age=60',
94 verbose headers   etag: '"7CEDVJA24M9BXRU7SU6WRSW4M"',
94 verbose headers   age: '44',
94 verbose headers   connection: 'keep-alive',
94 verbose headers   'x-served-by': 'cache-ams4139-AMS',
94 verbose headers   'x-cache': 'HIT',
94 verbose headers   'x-cache-hits': '1',
94 verbose headers   'x-timer': 'S1451295922.347475,VS0,VE0',
94 verbose headers   vary: 'Accept' }
95 silly get cb [ 304,
95 silly get   { date: 'Mon, 28 Dec 2015 09:45:22 GMT',
95 silly get     via: '1.1 varnish',
95 silly get     'cache-control': 'max-age=60',
95 silly get     etag: '"7CEDVJA24M9BXRU7SU6WRSW4M"',
95 silly get     age: '44',
95 silly get     connection: 'keep-alive',
95 silly get     'x-served-by': 'cache-ams4139-AMS',
95 silly get     'x-cache': 'HIT',
95 silly get     'x-cache-hits': '1',
95 silly get     'x-timer': 'S1451295922.347475,VS0,VE0',
95 silly get     vary: 'Accept' } ]
96 verbose etag https://registry.npmjs.org/nan from cache
97 verbose get saving nan to C:\Users\hibou_000\AppData\Roaming\npm-cache\registry.npmjs.org\nan\.cache.json
98 silly cache afterAdd bindings@1.2.1
99 verbose afterAdd C:\Users\hibou_000\AppData\Roaming\npm-cache\bindings\1.2.1\package\package.json not in flight; writing
100 verbose afterAdd C:\Users\hibou_000\AppData\Roaming\npm-cache\bindings\1.2.1\package\package.json written
101 silly resolveWithNewModule nan@2.0.7 checking installable status
102 silly cache add args [ 'nan@2.0.7', null ]
103 verbose cache add spec nan@2.0.7
104 silly cache add parsed spec Result {
104 silly cache add   raw: 'nan@2.0.7',
104 silly cache add   scope: null,
104 silly cache add   name: 'nan',
104 silly cache add   rawSpec: '2.0.7',
104 silly cache add   spec: '2.0.7',
104 silly cache add   type: 'version' }
105 silly addNamed nan@2.0.7
106 verbose addNamed "2.0.7" is a plain semver version for nan
107 silly mapToRegistry name nan
108 silly mapToRegistry using default registry
109 silly mapToRegistry registry https://registry.npmjs.org/
110 silly mapToRegistry uri https://registry.npmjs.org/nan
111 verbose addNameVersion registry:https://registry.npmjs.org/nan not in flight; fetching
112 verbose get https://registry.npmjs.org/nan not expired, no request
113 silly cache afterAdd nan@2.0.7
114 verbose afterAdd C:\Users\hibou_000\AppData\Roaming\npm-cache\nan\2.0.7\package\package.json not in flight; writing
115 verbose afterAdd C:\Users\hibou_000\AppData\Roaming\npm-cache\nan\2.0.7\package\package.json written
116 silly loadAllDepsIntoIdealTree Finishing
117 silly idealTree:prePrune Fabrik@0.1.0
117 silly idealTree:prePrune ├── abbrev@1.0.7
117 silly idealTree:prePrune ├── amdefine@1.0.0
117 silly idealTree:prePrune ├── ansi-escapes@1.1.0
117 silly idealTree:prePrune ├── ansi-regex@0.2.1
117 silly idealTree:prePrune ├── ansi-styles@1.1.0
117 silly idealTree:prePrune ├── archiver@0.15.1
117 silly idealTree:prePrune ├─┬ argparse@0.1.16
117 silly idealTree:prePrune │ └── underscore.string@2.4.0
117 silly idealTree:prePrune ├── async@1.4.2
117 silly idealTree:prePrune ├── balanced-match@0.3.0
117 silly idealTree:prePrune ├── bindings@1.2.1
117 silly idealTree:prePrune ├─┬ bl@1.0.0
117 silly idealTree:prePrune │ └── readable-stream@2.0.5
117 silly idealTree:prePrune ├── bluebird@2.10.2
117 silly idealTree:prePrune ├── brace-expansion@1.1.2
117 silly idealTree:prePrune ├── browserify-zlib@0.1.4
117 silly idealTree:prePrune ├── buffer-crc32@0.2.5
117 silly idealTree:prePrune ├── builtin-modules@1.1.0
117 silly idealTree:prePrune ├── camelcase-keys@2.0.0
117 silly idealTree:prePrune ├── camelcase@2.0.1
117 silly idealTree:prePrune ├── chalk@0.5.1
117 silly idealTree:prePrune ├── cli-cursor@1.0.2
117 silly idealTree:prePrune ├── cli-width@1.1.0
117 silly idealTree:prePrune ├─┬ cli@0.6.6
117 silly idealTree:prePrune │ ├── glob@3.2.11
117 silly idealTree:prePrune │ └── minimatch@0.3.0
117 silly idealTree:prePrune ├── code-point-at@1.0.0
117 silly idealTree:prePrune ├── coffee-script@1.3.3
117 silly idealTree:prePrune ├── colors@0.6.2
117 silly idealTree:prePrune ├── compress-commons@0.2.9
117 silly idealTree:prePrune ├── concat-map@0.0.1
117 silly idealTree:prePrune ├─┬ concat-stream@1.5.1
117 silly idealTree:prePrune │ └── readable-stream@2.0.5
117 silly idealTree:prePrune ├── console-browserify@1.1.0
117 silly idealTree:prePrune ├── core-util-is@1.0.2
117 silly idealTree:prePrune ├── crc32-stream@0.3.4
117 silly idealTree:prePrune ├── date-now@0.1.4
117 silly idealTree:prePrune ├── dateformat@1.0.2-1.2.3
117 silly idealTree:prePrune ├── debug@2.2.0
117 silly idealTree:prePrune ├─┬ dom-serializer@0.1.0
117 silly idealTree:prePrune │ ├── domelementtype@1.1.3
117 silly idealTree:prePrune │ └── entities@1.1.1
117 silly idealTree:prePrune ├── domelementtype@1.3.0
117 silly idealTree:prePrune ├── domhandler@2.3.0
117 silly idealTree:prePrune ├── domutils@1.5.1
117 silly idealTree:prePrune ├── end-of-stream@1.1.0
117 silly idealTree:prePrune ├── entities@1.0.0
117 silly idealTree:prePrune ├── error-ex@1.3.0
117 silly idealTree:prePrune ├── escape-string-regexp@1.0.4
117 silly idealTree:prePrune ├── esprima@1.0.4
117 silly idealTree:prePrune ├── eventemitter2@0.4.14
117 silly idealTree:prePrune ├── execSync@1.0.2
117 silly idealTree:prePrune ├── exit-hook@1.1.1
117 silly idealTree:prePrune ├── exit@0.1.2
117 silly idealTree:prePrune ├── figures@1.4.0
117 silly idealTree:prePrune ├── find-up@1.1.0
117 silly idealTree:prePrune ├─┬ findup-sync@0.1.3
117 silly idealTree:prePrune │ ├── glob@3.2.11
117 silly idealTree:prePrune │ ├── lodash@2.4.2
117 silly idealTree:prePrune │ └── minimatch@0.3.0
117 silly idealTree:prePrune ├─┬ fs-extra@0.24.0
117 silly idealTree:prePrune │ └── graceful-fs@4.1.2
117 silly idealTree:prePrune ├─┬ ftp@0.3.10
117 silly idealTree:prePrune │ └── readable-stream@1.1.13
117 silly idealTree:prePrune ├── get-stdin@4.0.1
117 silly idealTree:prePrune ├── getobject@0.1.0
117 silly idealTree:prePrune ├── gitlog@2.1.2
117 silly idealTree:prePrune ├── glob@5.0.15
117 silly idealTree:prePrune ├── graceful-fs@1.2.3
117 silly idealTree:prePrune ├─┬ grunt-contrib-compress@0.13.0
117 silly idealTree:prePrune │ ├── archiver@0.13.1
117 silly idealTree:prePrune │ ├── async@0.9.2
117 silly idealTree:prePrune │ ├── bl@0.9.4
117 silly idealTree:prePrune │ ├── glob@4.3.5
117 silly idealTree:prePrune │ ├── lodash@2.4.2
117 silly idealTree:prePrune │ ├── minimatch@2.0.10
117 silly idealTree:prePrune │ └── tar-stream@1.1.5
117 silly idealTree:prePrune ├── grunt-contrib-jshint@0.10.0
117 silly idealTree:prePrune ├─┬ grunt-contrib-uglify@0.8.1
117 silly idealTree:prePrune │ ├── ansi-regex@2.0.0
117 silly idealTree:prePrune │ ├── ansi-styles@2.1.0
117 silly idealTree:prePrune │ ├── chalk@1.1.1
117 silly idealTree:prePrune │ ├── has-ansi@2.0.0
117 silly idealTree:prePrune │ ├── strip-ansi@3.0.0
117 silly idealTree:prePrune │ └── supports-color@2.0.0
117 silly idealTree:prePrune ├─┬ grunt-legacy-log-utils@0.1.1
117 silly idealTree:prePrune │ ├── lodash@2.4.2
117 silly idealTree:prePrune │ └── underscore.string@2.3.3
117 silly idealTree:prePrune ├─┬ grunt-legacy-log@0.1.3
117 silly idealTree:prePrune │ ├── lodash@2.4.2
117 silly idealTree:prePrune │ └── underscore.string@2.3.3
117 silly idealTree:prePrune ├─┬ grunt-legacy-util@0.2.0
117 silly idealTree:prePrune │ ├── async@0.1.22
117 silly idealTree:prePrune │ └── lodash@0.9.2
117 silly idealTree:prePrune ├── grunt-prompt@1.3.3
117 silly idealTree:prePrune ├─┬ grunt@0.4.5
117 silly idealTree:prePrune │ ├── async@0.1.22
117 silly idealTree:prePrune │ ├── glob@3.1.21
117 silly idealTree:prePrune │ ├── inherits@1.0.2
117 silly idealTree:prePrune │ ├── lodash@0.9.2
117 silly idealTree:prePrune │ ├── minimatch@0.2.14
117 silly idealTree:prePrune │ └── rimraf@2.2.8
117 silly idealTree:prePrune ├── gzip-size@1.0.0
117 silly idealTree:prePrune ├── has-ansi@0.1.0
117 silly idealTree:prePrune ├── hooker@0.2.3
117 silly idealTree:prePrune ├── hosted-git-info@2.1.4
117 silly idealTree:prePrune ├─┬ htmlparser2@3.8.3
117 silly idealTree:prePrune │ └── readable-stream@1.1.13
117 silly idealTree:prePrune ├── iconv-lite@0.2.11
117 silly idealTree:prePrune ├── indent-string@2.1.0
117 silly idealTree:prePrune ├── inflight@1.0.4
117 silly idealTree:prePrune ├── inherits@2.0.1
117 silly idealTree:prePrune ├─┬ inquirer@0.11.0
117 silly idealTree:prePrune │ ├── ansi-regex@2.0.0
117 silly idealTree:prePrune │ ├── ansi-styles@2.1.0
117 silly idealTree:prePrune │ ├── chalk@1.1.1
117 silly idealTree:prePrune │ ├── has-ansi@2.0.0
117 silly idealTree:prePrune │ ├── strip-ansi@3.0.0
117 silly idealTree:prePrune │ └── supports-color@2.0.0
117 silly idealTree:prePrune ├── is-arrayish@0.2.1
117 silly idealTree:prePrune ├── is-builtin-module@1.0.0
117 silly idealTree:prePrune ├── is-finite@1.0.1
117 silly idealTree:prePrune ├── is-fullwidth-code-point@1.0.0
117 silly idealTree:prePrune ├── is-utf8@0.2.1
117 silly idealTree:prePrune ├── isarray@0.0.1
117 silly idealTree:prePrune ├── js-yaml@2.0.5
117 silly idealTree:prePrune ├─┬ jshint@2.5.11
117 silly idealTree:prePrune │ ├── minimatch@1.0.0
117 silly idealTree:prePrune │ ├── shelljs@0.3.0
117 silly idealTree:prePrune │ └── underscore@1.6.0
117 silly idealTree:prePrune ├── jsonfile@2.2.3
117 silly idealTree:prePrune ├── lazystream@0.1.0
117 silly idealTree:prePrune ├── libxmljs@0.15.0
117 silly idealTree:prePrune ├─┬ load-json-file@1.1.0
117 silly idealTree:prePrune │ └── graceful-fs@4.1.2
117 silly idealTree:prePrune ├── lodash._baseassign@3.2.0
117 silly idealTree:prePrune ├── lodash._basecopy@3.0.1
117 silly idealTree:prePrune ├── lodash._bindcallback@3.0.1
117 silly idealTree:prePrune ├── lodash._createassigner@3.1.1
117 silly idealTree:prePrune ├── lodash._getnative@3.9.1
117 silly idealTree:prePrune ├── lodash._isiterateecall@3.0.9
117 silly idealTree:prePrune ├── lodash.assign@3.2.0
117 silly idealTree:prePrune ├── lodash.isarguments@3.0.4
117 silly idealTree:prePrune ├── lodash.isarray@3.0.4
117 silly idealTree:prePrune ├── lodash.keys@3.1.2
117 silly idealTree:prePrune ├── lodash.restparam@3.6.1
117 silly idealTree:prePrune ├── lodash@3.10.1
117 silly idealTree:prePrune ├── loud-rejection@1.2.0
117 silly idealTree:prePrune ├── lru-cache@2.7.3
117 silly idealTree:prePrune ├── map-obj@1.0.1
117 silly idealTree:prePrune ├─┬ maxmin@1.1.0
117 silly idealTree:prePrune │ ├── ansi-regex@2.0.0
117 silly idealTree:prePrune │ ├── ansi-styles@2.1.0
117 silly idealTree:prePrune │ ├── chalk@1.1.1
117 silly idealTree:prePrune │ ├── has-ansi@2.0.0
117 silly idealTree:prePrune │ ├── strip-ansi@3.0.0
117 silly idealTree:prePrune │ └── supports-color@2.0.0
117 silly idealTree:prePrune ├── meow@3.6.0
117 silly idealTree:prePrune ├── minimatch@3.0.0
117 silly idealTree:prePrune ├── minimist@1.2.0
117 silly idealTree:prePrune ├─┬ mkdirp@0.5.1
117 silly idealTree:prePrune │ └── minimist@0.0.8
117 silly idealTree:prePrune ├── moment@2.10.6
117 silly idealTree:prePrune ├── ms@0.7.1
117 silly idealTree:prePrune ├── mute-stream@0.0.5
117 silly idealTree:prePrune ├── nan@2.0.7
117 silly idealTree:prePrune ├── node-int64@0.3.3
117 silly idealTree:prePrune ├─┬ nomnom@1.6.2
117 silly idealTree:prePrune │ ├── colors@0.5.1
117 silly idealTree:prePrune │ └── underscore@1.4.4
117 silly idealTree:prePrune ├── nopt@1.0.10
117 silly idealTree:prePrune ├── normalize-package-data@2.3.5
117 silly idealTree:prePrune ├── number-is-nan@1.0.0
117 silly idealTree:prePrune ├── object-assign@4.0.1
117 silly idealTree:prePrune ├── once@1.3.3
117 silly idealTree:prePrune ├── onetime@1.1.0
117 silly idealTree:prePrune ├── pako@0.2.8
117 silly idealTree:prePrune ├── parse-json@2.2.0
117 silly idealTree:prePrune ├── path-exists@2.1.0
117 silly idealTree:prePrune ├── path-is-absolute@1.0.0
117 silly idealTree:prePrune ├─┬ path-type@1.1.0
117 silly idealTree:prePrune │ └── graceful-fs@4.1.2
117 silly idealTree:prePrune ├── pify@2.3.0
117 silly idealTree:prePrune ├── pinkie-promise@2.0.0
117 silly idealTree:prePrune ├── pinkie@2.0.1
117 silly idealTree:prePrune ├── pretty-bytes@1.0.4
117 silly idealTree:prePrune ├── prettysize@0.0.3
117 silly idealTree:prePrune ├── process-nextick-args@1.0.6
117 silly idealTree:prePrune ├── read-pkg-up@1.0.1
117 silly idealTree:prePrune ├── read-pkg@1.1.0
117 silly idealTree:prePrune ├── readable-stream@1.0.33
117 silly idealTree:prePrune ├── readline2@1.0.1
117 silly idealTree:prePrune ├── redent@1.0.0
117 silly idealTree:prePrune ├── repeating@2.0.0
117 silly idealTree:prePrune ├─┬ replace@0.3.0
117 silly idealTree:prePrune │ ├── colors@0.5.1
117 silly idealTree:prePrune │ └── minimatch@0.2.14
117 silly idealTree:prePrune ├── restore-cursor@1.0.1
117 silly idealTree:prePrune ├─┬ rimraf@2.5.0
117 silly idealTree:prePrune │ └── glob@6.0.2
117 silly idealTree:prePrune ├── run-async@0.1.0
117 silly idealTree:prePrune ├── rx-lite@3.1.2
117 silly idealTree:prePrune ├── semver@5.1.0
117 silly idealTree:prePrune ├── shelljs@0.5.3
117 silly idealTree:prePrune ├── sigmund@1.0.1
117 silly idealTree:prePrune ├── signal-exit@2.1.2
117 silly idealTree:prePrune ├── simple-git@1.18.0
117 silly idealTree:prePrune ├── source-map@0.1.34
117 silly idealTree:prePrune ├── spdx-correct@1.0.2
117 silly idealTree:prePrune ├── spdx-exceptions@1.0.4
117 silly idealTree:prePrune ├── spdx-expression-parse@1.0.2
117 silly idealTree:prePrune ├── spdx-license-ids@1.1.0
117 silly idealTree:prePrune ├── string_decoder@0.10.31
117 silly idealTree:prePrune ├── strip-ansi@0.3.0
117 silly idealTree:prePrune ├── strip-bom@2.0.0
117 silly idealTree:prePrune ├── strip-indent@1.0.1
117 silly idealTree:prePrune ├── strip-json-comments@1.0.4
117 silly idealTree:prePrune ├── supports-color@0.2.0
117 silly idealTree:prePrune ├─┬ tar-stream@1.2.2
117 silly idealTree:prePrune │ └── readable-stream@2.0.5
117 silly idealTree:prePrune ├─┬ temp@0.5.1
117 silly idealTree:prePrune │ └── rimraf@2.1.4
117 silly idealTree:prePrune ├── through@2.3.8
117 silly idealTree:prePrune ├── trim-newlines@1.0.0
117 silly idealTree:prePrune ├── typedarray@0.0.6
117 silly idealTree:prePrune ├─┬ uglify-js@2.4.17
117 silly idealTree:prePrune │ └── async@0.2.10
117 silly idealTree:prePrune ├── uglify-to-browserify@1.0.2
117 silly idealTree:prePrune ├── underscore.string@2.2.1
117 silly idealTree:prePrune ├── underscore@1.7.0
117 silly idealTree:prePrune ├── uri-path@0.0.2
117 silly idealTree:prePrune ├── util-deprecate@1.0.2
117 silly idealTree:prePrune ├── validate-npm-package-license@3.0.1
117 silly idealTree:prePrune ├── which@1.0.9
117 silly idealTree:prePrune ├── wrappy@1.0.1
117 silly idealTree:prePrune ├── xregexp@2.0.0
117 silly idealTree:prePrune ├── xtend@4.0.1
117 silly idealTree:prePrune ├── yargs@1.3.3
117 silly idealTree:prePrune └─┬ zip-stream@0.5.2
117 silly idealTree:prePrune   └── lodash@3.2.0
118 silly loadIdealTree Finishing
119 silly currentTree Fabrik@0.1.0
119 silly currentTree ├── abbrev@1.0.7
119 silly currentTree ├── amdefine@1.0.0
119 silly currentTree ├── ansi-escapes@1.1.0
119 silly currentTree ├── ansi-regex@0.2.1
119 silly currentTree ├── ansi-styles@1.1.0
119 silly currentTree ├── archiver@0.15.1
119 silly currentTree ├─┬ argparse@0.1.16
119 silly currentTree │ └── underscore.string@2.4.0
119 silly currentTree ├── async@1.4.2
119 silly currentTree ├── balanced-match@0.3.0
119 silly currentTree ├─┬ bl@1.0.0
119 silly currentTree │ └── readable-stream@2.0.5
119 silly currentTree ├── bluebird@2.10.2
119 silly currentTree ├── brace-expansion@1.1.2
119 silly currentTree ├── browserify-zlib@0.1.4
119 silly currentTree ├── buffer-crc32@0.2.5
119 silly currentTree ├── builtin-modules@1.1.0
119 silly currentTree ├── camelcase-keys@2.0.0
119 silly currentTree ├── camelcase@2.0.1
119 silly currentTree ├── chalk@0.5.1
119 silly currentTree ├── cli-cursor@1.0.2
119 silly currentTree ├── cli-width@1.1.0
119 silly currentTree ├─┬ cli@0.6.6
119 silly currentTree │ ├── glob@3.2.11
119 silly currentTree │ └── minimatch@0.3.0
119 silly currentTree ├── code-point-at@1.0.0
119 silly currentTree ├── coffee-script@1.3.3
119 silly currentTree ├── colors@0.6.2
119 silly currentTree ├── compress-commons@0.2.9
119 silly currentTree ├── concat-map@0.0.1
119 silly currentTree ├─┬ concat-stream@1.5.1
119 silly currentTree │ └── readable-stream@2.0.5
119 silly currentTree ├── console-browserify@1.1.0
119 silly currentTree ├── core-util-is@1.0.2
119 silly currentTree ├── crc32-stream@0.3.4
119 silly currentTree ├── date-now@0.1.4
119 silly currentTree ├── dateformat@1.0.2-1.2.3
119 silly currentTree ├── debug@2.2.0
119 silly currentTree ├─┬ dom-serializer@0.1.0
119 silly currentTree │ ├── domelementtype@1.1.3
119 silly currentTree │ └── entities@1.1.1
119 silly currentTree ├── domelementtype@1.3.0
119 silly currentTree ├── domhandler@2.3.0
119 silly currentTree ├── domutils@1.5.1
119 silly currentTree ├── end-of-stream@1.1.0
119 silly currentTree ├── entities@1.0.0
119 silly currentTree ├── error-ex@1.3.0
119 silly currentTree ├── escape-string-regexp@1.0.4
119 silly currentTree ├── esprima@1.0.4
119 silly currentTree ├── eventemitter2@0.4.14
119 silly currentTree ├── execSync@1.0.2
119 silly currentTree ├── exit-hook@1.1.1
119 silly currentTree ├── exit@0.1.2
119 silly currentTree ├── figures@1.4.0
119 silly currentTree ├── find-up@1.1.0
119 silly currentTree ├─┬ findup-sync@0.1.3
119 silly currentTree │ ├── glob@3.2.11
119 silly currentTree │ ├── lodash@2.4.2
119 silly currentTree │ └── minimatch@0.3.0
119 silly currentTree ├─┬ fs-extra@0.24.0
119 silly currentTree │ └── graceful-fs@4.1.2
119 silly currentTree ├─┬ ftp@0.3.10
119 silly currentTree │ └── readable-stream@1.1.13
119 silly currentTree ├── get-stdin@4.0.1
119 silly currentTree ├── getobject@0.1.0
119 silly currentTree ├── gitlog@2.1.2
119 silly currentTree ├── glob@5.0.15
119 silly currentTree ├── graceful-fs@1.2.3
119 silly currentTree ├─┬ grunt-contrib-compress@0.13.0
119 silly currentTree │ ├── archiver@0.13.1
119 silly currentTree │ ├── async@0.9.2
119 silly currentTree │ ├── bl@0.9.4
119 silly currentTree │ ├── glob@4.3.5
119 silly currentTree │ ├── lodash@2.4.2
119 silly currentTree │ ├── minimatch@2.0.10
119 silly currentTree │ └── tar-stream@1.1.5
119 silly currentTree ├── grunt-contrib-jshint@0.10.0
119 silly currentTree ├─┬ grunt-contrib-uglify@0.8.1
119 silly currentTree │ ├── ansi-regex@2.0.0
119 silly currentTree │ ├── ansi-styles@2.1.0
119 silly currentTree │ ├── chalk@1.1.1
119 silly currentTree │ ├── has-ansi@2.0.0
119 silly currentTree │ ├── strip-ansi@3.0.0
119 silly currentTree │ └── supports-color@2.0.0
119 silly currentTree ├─┬ grunt-legacy-log-utils@0.1.1
119 silly currentTree │ ├── lodash@2.4.2
119 silly currentTree │ └── underscore.string@2.3.3
119 silly currentTree ├─┬ grunt-legacy-log@0.1.3
119 silly currentTree │ ├── lodash@2.4.2
119 silly currentTree │ └── underscore.string@2.3.3
119 silly currentTree ├─┬ grunt-legacy-util@0.2.0
119 silly currentTree │ ├── async@0.1.22
119 silly currentTree │ └── lodash@0.9.2
119 silly currentTree ├── grunt-prompt@1.3.3
119 silly currentTree ├─┬ grunt@0.4.5
119 silly currentTree │ ├── async@0.1.22
119 silly currentTree │ ├── glob@3.1.21
119 silly currentTree │ ├── inherits@1.0.2
119 silly currentTree │ ├── lodash@0.9.2
119 silly currentTree │ ├── minimatch@0.2.14
119 silly currentTree │ └── rimraf@2.2.8
119 silly currentTree ├── gzip-size@1.0.0
119 silly currentTree ├── has-ansi@0.1.0
119 silly currentTree ├── hooker@0.2.3
119 silly currentTree ├── hosted-git-info@2.1.4
119 silly currentTree ├─┬ htmlparser2@3.8.3
119 silly currentTree │ └── readable-stream@1.1.13
119 silly currentTree ├── iconv-lite@0.2.11
119 silly currentTree ├── indent-string@2.1.0
119 silly currentTree ├── inflight@1.0.4
119 silly currentTree ├── inherits@2.0.1
119 silly currentTree ├─┬ inquirer@0.11.0
119 silly currentTree │ ├── ansi-regex@2.0.0
119 silly currentTree │ ├── ansi-styles@2.1.0
119 silly currentTree │ ├── chalk@1.1.1
119 silly currentTree │ ├── has-ansi@2.0.0
119 silly currentTree │ ├── strip-ansi@3.0.0
119 silly currentTree │ └── supports-color@2.0.0
119 silly currentTree ├── is-arrayish@0.2.1
119 silly currentTree ├── is-builtin-module@1.0.0
119 silly currentTree ├── is-finite@1.0.1
119 silly currentTree ├── is-fullwidth-code-point@1.0.0
119 silly currentTree ├── is-utf8@0.2.1
119 silly currentTree ├── isarray@0.0.1
119 silly currentTree ├── js-yaml@2.0.5
119 silly currentTree ├─┬ jshint@2.5.11
119 silly currentTree │ ├── minimatch@1.0.0
119 silly currentTree │ ├── shelljs@0.3.0
119 silly currentTree │ └── underscore@1.6.0
119 silly currentTree ├── jsonfile@2.2.3
119 silly currentTree ├── lazystream@0.1.0
119 silly currentTree ├─┬ load-json-file@1.1.0
119 silly currentTree │ └── graceful-fs@4.1.2
119 silly currentTree ├── lodash._baseassign@3.2.0
119 silly currentTree ├── lodash._basecopy@3.0.1
119 silly currentTree ├── lodash._bindcallback@3.0.1
119 silly currentTree ├── lodash._createassigner@3.1.1
119 silly currentTree ├── lodash._getnative@3.9.1
119 silly currentTree ├── lodash._isiterateecall@3.0.9
119 silly currentTree ├── lodash.assign@3.2.0
119 silly currentTree ├── lodash.isarguments@3.0.4
119 silly currentTree ├── lodash.isarray@3.0.4
119 silly currentTree ├── lodash.keys@3.1.2
119 silly currentTree ├── lodash.restparam@3.6.1
119 silly currentTree ├── lodash@3.10.1
119 silly currentTree ├── loud-rejection@1.2.0
119 silly currentTree ├── lru-cache@2.7.3
119 silly currentTree ├── map-obj@1.0.1
119 silly currentTree ├─┬ maxmin@1.1.0
119 silly currentTree │ ├── ansi-regex@2.0.0
119 silly currentTree │ ├── ansi-styles@2.1.0
119 silly currentTree │ ├── chalk@1.1.1
119 silly currentTree │ ├── has-ansi@2.0.0
119 silly currentTree │ ├── strip-ansi@3.0.0
119 silly currentTree │ └── supports-color@2.0.0
119 silly currentTree ├── meow@3.6.0
119 silly currentTree ├── minimatch@3.0.0
119 silly currentTree ├── minimist@1.2.0
119 silly currentTree ├─┬ mkdirp@0.5.1
119 silly currentTree │ └── minimist@0.0.8
119 silly currentTree ├── moment@2.10.6
119 silly currentTree ├── ms@0.7.1
119 silly currentTree ├── mute-stream@0.0.5
119 silly currentTree ├── node-int64@0.3.3
119 silly currentTree ├─┬ nomnom@1.6.2
119 silly currentTree │ ├── colors@0.5.1
119 silly currentTree │ └── underscore@1.4.4
119 silly currentTree ├── nopt@1.0.10
119 silly currentTree ├── normalize-package-data@2.3.5
119 silly currentTree ├── number-is-nan@1.0.0
119 silly currentTree ├── object-assign@4.0.1
119 silly currentTree ├── once@1.3.3
119 silly currentTree ├── onetime@1.1.0
119 silly currentTree ├── pako@0.2.8
119 silly currentTree ├── parse-json@2.2.0
119 silly currentTree ├── path-exists@2.1.0
119 silly currentTree ├── path-is-absolute@1.0.0
119 silly currentTree ├─┬ path-type@1.1.0
119 silly currentTree │ └── graceful-fs@4.1.2
119 silly currentTree ├── pify@2.3.0
119 silly currentTree ├── pinkie-promise@2.0.0
119 silly currentTree ├── pinkie@2.0.1
119 silly currentTree ├── pretty-bytes@1.0.4
119 silly currentTree ├── prettysize@0.0.3
119 silly currentTree ├── process-nextick-args@1.0.6
119 silly currentTree ├── read-pkg-up@1.0.1
119 silly currentTree ├── read-pkg@1.1.0
119 silly currentTree ├── readable-stream@1.0.33
119 silly currentTree ├── readline2@1.0.1
119 silly currentTree ├── redent@1.0.0
119 silly currentTree ├── repeating@2.0.0
119 silly currentTree ├─┬ replace@0.3.0
119 silly currentTree │ ├── colors@0.5.1
119 silly currentTree │ └── minimatch@0.2.14
119 silly currentTree ├── restore-cursor@1.0.1
119 silly currentTree ├─┬ rimraf@2.5.0
119 silly currentTree │ └── glob@6.0.2
119 silly currentTree ├── run-async@0.1.0
119 silly currentTree ├── rx-lite@3.1.2
119 silly currentTree ├── semver@5.1.0
119 silly currentTree ├── shelljs@0.5.3
119 silly currentTree ├── sigmund@1.0.1
119 silly currentTree ├── signal-exit@2.1.2
119 silly currentTree ├── simple-git@1.18.0
119 silly currentTree ├── source-map@0.1.34
119 silly currentTree ├── spdx-correct@1.0.2
119 silly currentTree ├── spdx-exceptions@1.0.4
119 silly currentTree ├── spdx-expression-parse@1.0.2
119 silly currentTree ├── spdx-license-ids@1.1.0
119 silly currentTree ├── string_decoder@0.10.31
119 silly currentTree ├── strip-ansi@0.3.0
119 silly currentTree ├── strip-bom@2.0.0
119 silly currentTree ├── strip-indent@1.0.1
119 silly currentTree ├── strip-json-comments@1.0.4
119 silly currentTree ├── supports-color@0.2.0
119 silly currentTree ├─┬ tar-stream@1.2.2
119 silly currentTree │ └── readable-stream@2.0.5
119 silly currentTree ├─┬ temp@0.5.1
119 silly currentTree │ └── rimraf@2.1.4
119 silly currentTree ├── through@2.3.8
119 silly currentTree ├── trim-newlines@1.0.0
119 silly currentTree ├── typedarray@0.0.6
119 silly currentTree ├─┬ uglify-js@2.4.17
119 silly currentTree │ └── async@0.2.10
119 silly currentTree ├── uglify-to-browserify@1.0.2
119 silly currentTree ├── underscore.string@2.2.1
119 silly currentTree ├── underscore@1.7.0
119 silly currentTree ├── uri-path@0.0.2
119 silly currentTree ├── util-deprecate@1.0.2
119 silly currentTree ├── validate-npm-package-license@3.0.1
119 silly currentTree ├── which@1.0.9
119 silly currentTree ├── wrappy@1.0.1
119 silly currentTree ├── xregexp@2.0.0
119 silly currentTree ├── xtend@4.0.1
119 silly currentTree ├── yargs@1.3.3
119 silly currentTree └─┬ zip-stream@0.5.2
119 silly currentTree   └── lodash@3.2.0
120 silly idealTree Fabrik@0.1.0
120 silly idealTree ├── abbrev@1.0.7
120 silly idealTree ├── amdefine@1.0.0
120 silly idealTree ├── ansi-escapes@1.1.0
120 silly idealTree ├── ansi-regex@0.2.1
120 silly idealTree ├── ansi-styles@1.1.0
120 silly idealTree ├── archiver@0.15.1
120 silly idealTree ├─┬ argparse@0.1.16
120 silly idealTree │ └── underscore.string@2.4.0
120 silly idealTree ├── async@1.4.2
120 silly idealTree ├── balanced-match@0.3.0
120 silly idealTree ├── bindings@1.2.1
120 silly idealTree ├─┬ bl@1.0.0
120 silly idealTree │ └── readable-stream@2.0.5
120 silly idealTree ├── bluebird@2.10.2
120 silly idealTree ├── brace-expansion@1.1.2
120 silly idealTree ├── browserify-zlib@0.1.4
120 silly idealTree ├── buffer-crc32@0.2.5
120 silly idealTree ├── builtin-modules@1.1.0
120 silly idealTree ├── camelcase-keys@2.0.0
120 silly idealTree ├── camelcase@2.0.1
120 silly idealTree ├── chalk@0.5.1
120 silly idealTree ├── cli-cursor@1.0.2
120 silly idealTree ├── cli-width@1.1.0
120 silly idealTree ├─┬ cli@0.6.6
120 silly idealTree │ ├── glob@3.2.11
120 silly idealTree │ └── minimatch@0.3.0
120 silly idealTree ├── code-point-at@1.0.0
120 silly idealTree ├── coffee-script@1.3.3
120 silly idealTree ├── colors@0.6.2
120 silly idealTree ├── compress-commons@0.2.9
120 silly idealTree ├── concat-map@0.0.1
120 silly idealTree ├─┬ concat-stream@1.5.1
120 silly idealTree │ └── readable-stream@2.0.5
120 silly idealTree ├── console-browserify@1.1.0
120 silly idealTree ├── core-util-is@1.0.2
120 silly idealTree ├── crc32-stream@0.3.4
120 silly idealTree ├── date-now@0.1.4
120 silly idealTree ├── dateformat@1.0.2-1.2.3
120 silly idealTree ├── debug@2.2.0
120 silly idealTree ├─┬ dom-serializer@0.1.0
120 silly idealTree │ ├── domelementtype@1.1.3
120 silly idealTree │ └── entities@1.1.1
120 silly idealTree ├── domelementtype@1.3.0
120 silly idealTree ├── domhandler@2.3.0
120 silly idealTree ├── domutils@1.5.1
120 silly idealTree ├── end-of-stream@1.1.0
120 silly idealTree ├── entities@1.0.0
120 silly idealTree ├── error-ex@1.3.0
120 silly idealTree ├── escape-string-regexp@1.0.4
120 silly idealTree ├── esprima@1.0.4
120 silly idealTree ├── eventemitter2@0.4.14
120 silly idealTree ├── execSync@1.0.2
120 silly idealTree ├── exit-hook@1.1.1
120 silly idealTree ├── exit@0.1.2
120 silly idealTree ├── figures@1.4.0
120 silly idealTree ├── find-up@1.1.0
120 silly idealTree ├─┬ findup-sync@0.1.3
120 silly idealTree │ ├── glob@3.2.11
120 silly idealTree │ ├── lodash@2.4.2
120 silly idealTree │ └── minimatch@0.3.0
120 silly idealTree ├─┬ fs-extra@0.24.0
120 silly idealTree │ └── graceful-fs@4.1.2
120 silly idealTree ├─┬ ftp@0.3.10
120 silly idealTree │ └── readable-stream@1.1.13
120 silly idealTree ├── get-stdin@4.0.1
120 silly idealTree ├── getobject@0.1.0
120 silly idealTree ├── gitlog@2.1.2
120 silly idealTree ├── glob@5.0.15
120 silly idealTree ├── graceful-fs@1.2.3
120 silly idealTree ├─┬ grunt-contrib-compress@0.13.0
120 silly idealTree │ ├── archiver@0.13.1
120 silly idealTree │ ├── async@0.9.2
120 silly idealTree │ ├── bl@0.9.4
120 silly idealTree │ ├── glob@4.3.5
120 silly idealTree │ ├── lodash@2.4.2
120 silly idealTree │ ├── minimatch@2.0.10
120 silly idealTree │ └── tar-stream@1.1.5
120 silly idealTree ├── grunt-contrib-jshint@0.10.0
120 silly idealTree ├─┬ grunt-contrib-uglify@0.8.1
120 silly idealTree │ ├── ansi-regex@2.0.0
120 silly idealTree │ ├── ansi-styles@2.1.0
120 silly idealTree │ ├── chalk@1.1.1
120 silly idealTree │ ├── has-ansi@2.0.0
120 silly idealTree │ ├── strip-ansi@3.0.0
120 silly idealTree │ └── supports-color@2.0.0
120 silly idealTree ├─┬ grunt-legacy-log-utils@0.1.1
120 silly idealTree │ ├── lodash@2.4.2
120 silly idealTree │ └── underscore.string@2.3.3
120 silly idealTree ├─┬ grunt-legacy-log@0.1.3
120 silly idealTree │ ├── lodash@2.4.2
120 silly idealTree │ └── underscore.string@2.3.3
120 silly idealTree ├─┬ grunt-legacy-util@0.2.0
120 silly idealTree │ ├── async@0.1.22
120 silly idealTree │ └── lodash@0.9.2
120 silly idealTree ├── grunt-prompt@1.3.3
120 silly idealTree ├─┬ grunt@0.4.5
120 silly idealTree │ ├── async@0.1.22
120 silly idealTree │ ├── glob@3.1.21
120 silly idealTree │ ├── inherits@1.0.2
120 silly idealTree │ ├── lodash@0.9.2
120 silly idealTree │ ├── minimatch@0.2.14
120 silly idealTree │ └── rimraf@2.2.8
120 silly idealTree ├── gzip-size@1.0.0
120 silly idealTree ├── has-ansi@0.1.0
120 silly idealTree ├── hooker@0.2.3
120 silly idealTree ├── hosted-git-info@2.1.4
120 silly idealTree ├─┬ htmlparser2@3.8.3
120 silly idealTree │ └── readable-stream@1.1.13
120 silly idealTree ├── iconv-lite@0.2.11
120 silly idealTree ├── indent-string@2.1.0
120 silly idealTree ├── inflight@1.0.4
120 silly idealTree ├── inherits@2.0.1
120 silly idealTree ├─┬ inquirer@0.11.0
120 silly idealTree │ ├── ansi-regex@2.0.0
120 silly idealTree │ ├── ansi-styles@2.1.0
120 silly idealTree │ ├── chalk@1.1.1
120 silly idealTree │ ├── has-ansi@2.0.0
120 silly idealTree │ ├── strip-ansi@3.0.0
120 silly idealTree │ └── supports-color@2.0.0
120 silly idealTree ├── is-arrayish@0.2.1
120 silly idealTree ├── is-builtin-module@1.0.0
120 silly idealTree ├── is-finite@1.0.1
120 silly idealTree ├── is-fullwidth-code-point@1.0.0
120 silly idealTree ├── is-utf8@0.2.1
120 silly idealTree ├── isarray@0.0.1
120 silly idealTree ├── js-yaml@2.0.5
120 silly idealTree ├─┬ jshint@2.5.11
120 silly idealTree │ ├── minimatch@1.0.0
120 silly idealTree │ ├── shelljs@0.3.0
120 silly idealTree │ └── underscore@1.6.0
120 silly idealTree ├── jsonfile@2.2.3
120 silly idealTree ├── lazystream@0.1.0
120 silly idealTree ├── libxmljs@0.15.0
120 silly idealTree ├─┬ load-json-file@1.1.0
120 silly idealTree │ └── graceful-fs@4.1.2
120 silly idealTree ├── lodash._baseassign@3.2.0
120 silly idealTree ├── lodash._basecopy@3.0.1
120 silly idealTree ├── lodash._bindcallback@3.0.1
120 silly idealTree ├── lodash._createassigner@3.1.1
120 silly idealTree ├── lodash._getnative@3.9.1
120 silly idealTree ├── lodash._isiterateecall@3.0.9
120 silly idealTree ├── lodash.assign@3.2.0
120 silly idealTree ├── lodash.isarguments@3.0.4
120 silly idealTree ├── lodash.isarray@3.0.4
120 silly idealTree ├── lodash.keys@3.1.2
120 silly idealTree ├── lodash.restparam@3.6.1
120 silly idealTree ├── lodash@3.10.1
120 silly idealTree ├── loud-rejection@1.2.0
120 silly idealTree ├── lru-cache@2.7.3
120 silly idealTree ├── map-obj@1.0.1
120 silly idealTree ├─┬ maxmin@1.1.0
120 silly idealTree │ ├── ansi-regex@2.0.0
120 silly idealTree │ ├── ansi-styles@2.1.0
120 silly idealTree │ ├── chalk@1.1.1
120 silly idealTree │ ├── has-ansi@2.0.0
120 silly idealTree │ ├── strip-ansi@3.0.0
120 silly idealTree │ └── supports-color@2.0.0
120 silly idealTree ├── meow@3.6.0
120 silly idealTree ├── minimatch@3.0.0
120 silly idealTree ├── minimist@1.2.0
120 silly idealTree ├─┬ mkdirp@0.5.1
120 silly idealTree │ └── minimist@0.0.8
120 silly idealTree ├── moment@2.10.6
120 silly idealTree ├── ms@0.7.1
120 silly idealTree ├── mute-stream@0.0.5
120 silly idealTree ├── nan@2.0.7
120 silly idealTree ├── node-int64@0.3.3
120 silly idealTree ├─┬ nomnom@1.6.2
120 silly idealTree │ ├── colors@0.5.1
120 silly idealTree │ └── underscore@1.4.4
120 silly idealTree ├── nopt@1.0.10
120 silly idealTree ├── normalize-package-data@2.3.5
120 silly idealTree ├── number-is-nan@1.0.0
120 silly idealTree ├── object-assign@4.0.1
120 silly idealTree ├── once@1.3.3
120 silly idealTree ├── onetime@1.1.0
120 silly idealTree ├── pako@0.2.8
120 silly idealTree ├── parse-json@2.2.0
120 silly idealTree ├── path-exists@2.1.0
120 silly idealTree ├── path-is-absolute@1.0.0
120 silly idealTree ├─┬ path-type@1.1.0
120 silly idealTree │ └── graceful-fs@4.1.2
120 silly idealTree ├── pify@2.3.0
120 silly idealTree ├── pinkie-promise@2.0.0
120 silly idealTree ├── pinkie@2.0.1
120 silly idealTree ├── pretty-bytes@1.0.4
120 silly idealTree ├── prettysize@0.0.3
120 silly idealTree ├── process-nextick-args@1.0.6
120 silly idealTree ├── read-pkg-up@1.0.1
120 silly idealTree ├── read-pkg@1.1.0
120 silly idealTree ├── readable-stream@1.0.33
120 silly idealTree ├── readline2@1.0.1
120 silly idealTree ├── redent@1.0.0
120 silly idealTree ├── repeating@2.0.0
120 silly idealTree ├─┬ replace@0.3.0
120 silly idealTree │ ├── colors@0.5.1
120 silly idealTree │ └── minimatch@0.2.14
120 silly idealTree ├── restore-cursor@1.0.1
120 silly idealTree ├─┬ rimraf@2.5.0
120 silly idealTree │ └── glob@6.0.2
120 silly idealTree ├── run-async@0.1.0
120 silly idealTree ├── rx-lite@3.1.2
120 silly idealTree ├── semver@5.1.0
120 silly idealTree ├── shelljs@0.5.3
120 silly idealTree ├── sigmund@1.0.1
120 silly idealTree ├── signal-exit@2.1.2
120 silly idealTree ├── simple-git@1.18.0
120 silly idealTree ├── source-map@0.1.34
120 silly idealTree ├── spdx-correct@1.0.2
120 silly idealTree ├── spdx-exceptions@1.0.4
120 silly idealTree ├── spdx-expression-parse@1.0.2
120 silly idealTree ├── spdx-license-ids@1.1.0
120 silly idealTree ├── string_decoder@0.10.31
120 silly idealTree ├── strip-ansi@0.3.0
120 silly idealTree ├── strip-bom@2.0.0
120 silly idealTree ├── strip-indent@1.0.1
120 silly idealTree ├── strip-json-comments@1.0.4
120 silly idealTree ├── supports-color@0.2.0
120 silly idealTree ├─┬ tar-stream@1.2.2
120 silly idealTree │ └── readable-stream@2.0.5
120 silly idealTree ├─┬ temp@0.5.1
120 silly idealTree │ └── rimraf@2.1.4
120 silly idealTree ├── through@2.3.8
120 silly idealTree ├── trim-newlines@1.0.0
120 silly idealTree ├── typedarray@0.0.6
120 silly idealTree ├─┬ uglify-js@2.4.17
120 silly idealTree │ └── async@0.2.10
120 silly idealTree ├── uglify-to-browserify@1.0.2
120 silly idealTree ├── underscore.string@2.2.1
120 silly idealTree ├── underscore@1.7.0
120 silly idealTree ├── uri-path@0.0.2
120 silly idealTree ├── util-deprecate@1.0.2
120 silly idealTree ├── validate-npm-package-license@3.0.1
120 silly idealTree ├── which@1.0.9
120 silly idealTree ├── wrappy@1.0.1
120 silly idealTree ├── xregexp@2.0.0
120 silly idealTree ├── xtend@4.0.1
120 silly idealTree ├── yargs@1.3.3
120 silly idealTree └─┬ zip-stream@0.5.2
120 silly idealTree   └── lodash@3.2.0
121 silly generateActionsToTake Starting
122 silly install generateActionsToTake
123 silly generateActionsToTake Finishing
124 silly diffTrees action count 3
125 silly diffTrees add bindings@1.2.1
126 silly diffTrees add nan@2.0.7
127 silly diffTrees add libxmljs@0.15.0
128 silly decomposeActions action count 24
129 silly decomposeActions fetch bindings@1.2.1
130 silly decomposeActions extract bindings@1.2.1
131 silly decomposeActions preinstall bindings@1.2.1
132 silly decomposeActions build bindings@1.2.1
133 silly decomposeActions install bindings@1.2.1
134 silly decomposeActions postinstall bindings@1.2.1
135 silly decomposeActions test bindings@1.2.1
136 silly decomposeActions finalize bindings@1.2.1
137 silly decomposeActions fetch nan@2.0.7
138 silly decomposeActions extract nan@2.0.7
139 silly decomposeActions preinstall nan@2.0.7
140 silly decomposeActions build nan@2.0.7
141 silly decomposeActions install nan@2.0.7
142 silly decomposeActions postinstall nan@2.0.7
143 silly decomposeActions test nan@2.0.7
144 silly decomposeActions finalize nan@2.0.7
145 silly decomposeActions fetch libxmljs@0.15.0
146 silly decomposeActions extract libxmljs@0.15.0
147 silly decomposeActions preinstall libxmljs@0.15.0
148 silly decomposeActions build libxmljs@0.15.0
149 silly decomposeActions install libxmljs@0.15.0
150 silly decomposeActions postinstall libxmljs@0.15.0
151 silly decomposeActions test libxmljs@0.15.0
152 silly decomposeActions finalize libxmljs@0.15.0
153 silly executeActions Starting
154 silly install executeActions
155 silly doSerial global-install 0
156 silly doParallel fetch 3
157 verbose lock using C:\Users\hibou_000\AppData\Roaming\npm-cache\_locks\staging-5cd8fc5838ab0209.lock for C:\Users\hibou_000\Documents\GitHub\fabrik\node_modules\.staging
158 silly doParallel extract 3
159 silly extract bindings@1.2.1
160 silly extract nan@2.0.7
161 silly extract libxmljs@0.15.0
162 verbose unbuild node_modules\.staging\bindings-7eeadf1e39670be809aec6cd05088d7a
163 verbose unbuild node_modules\.staging\nan-544a886e543925696d2739f410168073
164 verbose unbuild node_modules\.staging\libxmljs-c1bc593a73f6742e865660931bef2b94
165 silly gentlyRm C:\Users\hibou_000\Documents\GitHub\fabrik\node_modules\.staging\bindings-7eeadf1e39670be809aec6cd05088d7a is being purged from base C:\Users\hibou_000\Documents\GitHub\fabrik
166 silly gentlyRm C:\Users\hibou_000\Documents\GitHub\fabrik\node_modules\.staging\nan-544a886e543925696d2739f410168073 is being purged from base C:\Users\hibou_000\Documents\GitHub\fabrik
167 verbose gentlyRm don't care about contents; nuking C:\Users\hibou_000\Documents\GitHub\fabrik\node_modules\.staging\bindings-7eeadf1e39670be809aec6cd05088d7a
168 verbose gentlyRm don't care about contents; nuking C:\Users\hibou_000\Documents\GitHub\fabrik\node_modules\.staging\nan-544a886e543925696d2739f410168073
169 silly gentlyRm C:\Users\hibou_000\Documents\GitHub\fabrik\node_modules\.staging\libxmljs-c1bc593a73f6742e865660931bef2b94 is being purged from base C:\Users\hibou_000\Documents\GitHub\fabrik
170 verbose tar unpack C:\Users\hibou_000\AppData\Roaming\npm-cache\bindings\1.2.1\package.tgz
171 verbose tar unpacking to C:\Users\hibou_000\Documents\GitHub\fabrik\node_modules\.staging\bindings-7eeadf1e39670be809aec6cd05088d7a
172 silly gentlyRm C:\Users\hibou_000\Documents\GitHub\fabrik\node_modules\.staging\bindings-7eeadf1e39670be809aec6cd05088d7a is being purged
173 verbose tar unpack C:\Users\hibou_000\AppData\Roaming\npm-cache\nan\2.0.7\package.tgz
174 verbose tar unpacking to C:\Users\hibou_000\Documents\GitHub\fabrik\node_modules\.staging\nan-544a886e543925696d2739f410168073
175 silly gentlyRm C:\Users\hibou_000\Documents\GitHub\fabrik\node_modules\.staging\nan-544a886e543925696d2739f410168073 is being purged
176 verbose gentlyRm don't care about contents; nuking C:\Users\hibou_000\Documents\GitHub\fabrik\node_modules\.staging\libxmljs-c1bc593a73f6742e865660931bef2b94
177 verbose gentlyRm don't care about contents; nuking C:\Users\hibou_000\Documents\GitHub\fabrik\node_modules\.staging\bindings-7eeadf1e39670be809aec6cd05088d7a
178 verbose gentlyRm don't care about contents; nuking C:\Users\hibou_000\Documents\GitHub\fabrik\node_modules\.staging\nan-544a886e543925696d2739f410168073
179 verbose tar unpack C:\Users\hibou_000\AppData\Roaming\npm-cache\libxmljs\0.15.0\package.tgz
180 verbose tar unpacking to C:\Users\hibou_000\Documents\GitHub\fabrik\node_modules\.staging\libxmljs-c1bc593a73f6742e865660931bef2b94
181 silly gentlyRm C:\Users\hibou_000\Documents\GitHub\fabrik\node_modules\.staging\libxmljs-c1bc593a73f6742e865660931bef2b94 is being purged
182 silly gunzTarPerm modes [ '777', '666' ]
183 silly gunzTarPerm modes [ '777', '666' ]
184 verbose gentlyRm don't care about contents; nuking C:\Users\hibou_000\Documents\GitHub\fabrik\node_modules\.staging\libxmljs-c1bc593a73f6742e865660931bef2b94
185 silly gunzTarPerm modes [ '777', '666' ]
186 silly gunzTarPerm extractEntry package.json
187 silly gunzTarPerm modified mode [ 'package.json', 436, 438 ]
188 silly gunzTarPerm extractEntry package.json
189 silly gunzTarPerm modified mode [ 'package.json', 420, 438 ]
190 silly gunzTarPerm extractEntry README.md
191 silly gunzTarPerm modified mode [ 'README.md', 436, 438 ]
192 silly gunzTarPerm extractEntry include_dirs.js
193 silly gunzTarPerm modified mode [ 'include_dirs.js', 436, 438 ]
194 silly gunzTarPerm extractEntry nan_converters.h
195 silly gunzTarPerm modified mode [ 'nan_converters.h', 436, 438 ]
196 silly gunzTarPerm extractEntry LICENSE.md
197 silly gunzTarPerm modified mode [ 'LICENSE.md', 436, 438 ]
198 silly gunzTarPerm extractEntry .dntrc
199 silly gunzTarPerm modified mode [ '.dntrc', 436, 438 ]
200 silly gunzTarPerm extractEntry appveyor.yml
201 silly gunzTarPerm modified mode [ 'appveyor.yml', 436, 438 ]
202 silly gunzTarPerm extractEntry doc/new.md
203 silly gunzTarPerm modified mode [ 'doc/new.md', 436, 438 ]
204 silly gunzTarPerm extractEntry doc/.build.sh
205 silly gunzTarPerm modified mode [ 'doc/.build.sh', 509, 511 ]
206 silly gunzTarPerm extractEntry doc/buffers.md
207 silly gunzTarPerm modified mode [ 'doc/buffers.md', 436, 438 ]
208 silly gunzTarPerm extractEntry doc/callback.md
209 silly gunzTarPerm modified mode [ 'doc/callback.md', 436, 438 ]
210 silly gunzTarPerm extractEntry doc/converters.md
211 silly gunzTarPerm modified mode [ 'doc/converters.md', 436, 438 ]
212 silly gunzTarPerm extractEntry doc/errors.md
213 silly gunzTarPerm modified mode [ 'doc/errors.md', 436, 438 ]
214 silly gunzTarPerm extractEntry doc/maybe_types.md
215 silly gunzTarPerm modified mode [ 'doc/maybe_types.md', 436, 438 ]
216 silly gunzTarPerm extractEntry doc/methods.md
217 silly gunzTarPerm modified mode [ 'doc/methods.md', 436, 438 ]
218 silly gunzTarPerm extractEntry doc/asyncworker.md
219 silly gunzTarPerm modified mode [ 'doc/asyncworker.md', 436, 438 ]
220 silly gunzTarPerm extractEntry doc/node_misc.md
221 silly gunzTarPerm modified mode [ 'doc/node_misc.md', 436, 438 ]
222 silly gunzTarPerm extractEntry doc/persistent.md
223 silly gunzTarPerm modified mode [ 'doc/persistent.md', 436, 438 ]
224 silly gunzTarPerm extractEntry doc/scopes.md
225 silly gunzTarPerm modified mode [ 'doc/scopes.md', 436, 438 ]
226 silly gunzTarPerm extractEntry doc/script.md
227 silly gunzTarPerm modified mode [ 'doc/script.md', 436, 438 ]
228 silly gunzTarPerm extractEntry doc/string_bytes.md
229 silly gunzTarPerm modified mode [ 'doc/string_bytes.md', 436, 438 ]
230 silly gunzTarPerm extractEntry doc/v8_internals.md
231 silly gunzTarPerm modified mode [ 'doc/v8_internals.md', 436, 438 ]
232 silly gunzTarPerm extractEntry doc/v8_misc.md
233 silly gunzTarPerm modified mode [ 'doc/v8_misc.md', 436, 438 ]
234 silly gunzTarPerm extractEntry nan.h
235 silly gunzTarPerm modified mode [ 'nan.h', 436, 438 ]
236 silly gunzTarPerm extractEntry nan_callbacks.h
237 silly gunzTarPerm modified mode [ 'nan_callbacks.h', 436, 438 ]
238 silly gunzTarPerm extractEntry nan_callbacks_12_inl.h
239 silly gunzTarPerm modified mode [ 'nan_callbacks_12_inl.h', 436, 438 ]
240 silly gunzTarPerm extractEntry nan_callbacks_pre_12_inl.h
241 silly gunzTarPerm modified mode [ 'nan_callbacks_pre_12_inl.h', 436, 438 ]
242 silly gunzTarPerm extractEntry nan_converters_43_inl.h
243 silly gunzTarPerm modified mode [ 'nan_converters_43_inl.h', 436, 438 ]
244 silly gunzTarPerm extractEntry nan_converters_pre_43_inl.h
245 silly gunzTarPerm modified mode [ 'nan_converters_pre_43_inl.h', 436, 438 ]
246 silly gunzTarPerm extractEntry nan_implementation_12_inl.h
247 silly gunzTarPerm modified mode [ 'nan_implementation_12_inl.h', 436, 438 ]
248 silly gunzTarPerm extractEntry nan_implementation_pre_12_inl.h
249 silly gunzTarPerm modified mode [ 'nan_implementation_pre_12_inl.h', 436, 438 ]
250 silly gunzTarPerm extractEntry nan_maybe_43_inl.h
251 silly gunzTarPerm modified mode [ 'nan_maybe_43_inl.h', 436, 438 ]
252 silly gunzTarPerm extractEntry nan_maybe_pre_43_inl.h
253 silly gunzTarPerm modified mode [ 'nan_maybe_pre_43_inl.h', 436, 438 ]
254 silly gunzTarPerm extractEntry nan_new.h
255 silly gunzTarPerm modified mode [ 'nan_new.h', 436, 438 ]
256 silly gunzTarPerm extractEntry nan_object_wrap.h
257 silly gunzTarPerm modified mode [ 'nan_object_wrap.h', 436, 438 ]
258 silly gunzTarPerm extractEntry nan_persistent_12_inl.h
259 silly gunzTarPerm modified mode [ 'nan_persistent_12_inl.h', 436, 438 ]
260 silly gunzTarPerm extractEntry nan_persistent_pre_12_inl.h
261 silly gunzTarPerm modified mode [ 'nan_persistent_pre_12_inl.h', 436, 438 ]
262 silly gunzTarPerm extractEntry nan_string_bytes.h
263 silly gunzTarPerm modified mode [ 'nan_string_bytes.h', 436, 438 ]
264 silly gunzTarPerm extractEntry nan_weak.h
265 silly gunzTarPerm modified mode [ 'nan_weak.h', 436, 438 ]
266 silly gunzTarPerm extractEntry CHANGELOG.md
267 silly gunzTarPerm modified mode [ 'CHANGELOG.md', 436, 438 ]
268 silly gunzTarPerm extractEntry tools/package.json
269 silly gunzTarPerm modified mode [ 'tools/package.json', 436, 438 ]
270 silly gunzTarPerm extractEntry tools/README.md
271 silly gunzTarPerm modified mode [ 'tools/README.md', 436, 438 ]
272 silly gunzTarPerm extractEntry tools/1to2.js
273 silly gunzTarPerm modified mode [ 'tools/1to2.js', 509, 511 ]
274 silly gunzTarPerm extractEntry README.md
275 silly gunzTarPerm modified mode [ 'README.md', 420, 438 ]
276 silly gunzTarPerm extractEntry bindings.js
277 silly gunzTarPerm modified mode [ 'bindings.js', 420, 438 ]
278 silly gunzTarPerm extractEntry package.json
279 silly gunzTarPerm modified mode [ 'package.json', 420, 438 ]
280 silly gunzTarPerm extractEntry .npmignore
281 silly gunzTarPerm modified mode [ '.npmignore', 420, 438 ]
282 silly gunzTarPerm extractEntry README.md
283 silly gunzTarPerm modified mode [ 'README.md', 420, 438 ]
284 silly gunzTarPerm extractEntry LICENSE
285 silly gunzTarPerm modified mode [ 'LICENSE', 420, 438 ]
286 silly gunzTarPerm extractEntry index.js
287 silly gunzTarPerm modified mode [ 'index.js', 420, 438 ]
288 silly gunzTarPerm extractEntry examples/cdata.js
289 silly gunzTarPerm modified mode [ 'examples/cdata.js', 420, 438 ]
290 silly gunzTarPerm extractEntry binding.gyp
291 silly gunzTarPerm modified mode [ 'binding.gyp', 420, 438 ]
292 silly gunzTarPerm extractEntry Makefile
293 silly gunzTarPerm modified mode [ 'Makefile', 420, 438 ]
294 silly gunzTarPerm extractEntry lib/bindings.js
295 silly gunzTarPerm modified mode [ 'lib/bindings.js', 420, 438 ]
296 silly gunzTarPerm extractEntry lib/comment.js
297 silly gunzTarPerm modified mode [ 'lib/comment.js', 420, 438 ]
298 silly gunzTarPerm extractEntry lib/document.js
299 silly gunzTarPerm modified mode [ 'lib/document.js', 420, 438 ]
300 silly gunzTarPerm extractEntry lib/element.js
301 silly gunzTarPerm modified mode [ 'lib/element.js', 420, 438 ]
302 silly gunzTarPerm extractEntry lib/sax_parser.js
303 silly gunzTarPerm modified mode [ 'lib/sax_parser.js', 420, 438 ]
304 silly gunzTarPerm extractEntry test/attribute.js
305 silly gunzTarPerm modified mode [ 'test/attribute.js', 420, 438 ]
306 silly gunzTarPerm extractEntry test/element.js
307 silly gunzTarPerm modified mode [ 'test/element.js', 420, 438 ]
308 silly gunzTarPerm extractEntry test/xml_parser.js
309 silly gunzTarPerm modified mode [ 'test/xml_parser.js', 420, 438 ]
310 silly gunzTarPerm extractEntry test/html_parser.js
311 silly gunzTarPerm modified mode [ 'test/html_parser.js', 420, 438 ]
312 silly gunzTarPerm extractEntry test/main.js
313 silly gunzTarPerm modified mode [ 'test/main.js', 420, 438 ]
314 silly gunzTarPerm extractEntry test/document.js
315 silly gunzTarPerm modified mode [ 'test/document.js', 420, 438 ]
316 silly gunzTarPerm extractEntry test/node_attributes.js
317 silly gunzTarPerm modified mode [ 'test/node_attributes.js', 420, 438 ]
318 silly gunzTarPerm extractEntry test/ref_integrity.js
319 silly gunzTarPerm modified mode [ 'test/ref_integrity.js', 420, 438 ]
320 silly gunzTarPerm extractEntry test/searching.js
321 silly gunzTarPerm modified mode [ 'test/searching.js', 420, 438 ]
322 silly gunzTarPerm extractEntry test/text_node.js
323 silly gunzTarPerm modified mode [ 'test/text_node.js', 420, 438 ]
324 silly gunzTarPerm extractEntry test/traversal.js
325 silly gunzTarPerm modified mode [ 'test/traversal.js', 420, 438 ]
326 silly gunzTarPerm extractEntry test/comment.js
327 silly gunzTarPerm modified mode [ 'test/comment.js', 420, 438 ]
328 silly gunzTarPerm extractEntry test/xml_sax_parser.js
329 silly gunzTarPerm modified mode [ 'test/xml_sax_parser.js', 420, 438 ]
330 silly gunzTarPerm extractEntry test/namespace.js
331 silly gunzTarPerm modified mode [ 'test/namespace.js', 420, 438 ]
332 silly gunzTarPerm extractEntry test/fixtures/errors/comment.xml
333 silly gunzTarPerm modified mode [ 'test/fixtures/errors/comment.xml', 420, 438 ]
334 silly gunzTarPerm extractEntry test/fixtures/parser-utf16.xml
335 silly gunzTarPerm modified mode [ 'test/fixtures/parser-utf16.xml', 420, 438 ]
336 silly gunzTarPerm extractEntry test/fixtures/parser.euc_jp.html
337 silly gunzTarPerm modified mode [ 'test/fixtures/parser.euc_jp.html', 420, 438 ]
338 silly gunzTarPerm extractEntry test/fixtures/parser.html
339 silly gunzTarPerm modified mode [ 'test/fixtures/parser.html', 420, 438 ]
340 silly gunzTarPerm extractEntry test/fixtures/parser.xml
341 silly gunzTarPerm modified mode [ 'test/fixtures/parser.xml', 420, 438 ]
342 silly gunzTarPerm extractEntry test/fixtures/sax_parser.xml
343 silly gunzTarPerm modified mode [ 'test/fixtures/sax_parser.xml', 420, 438 ]
344 silly gunzTarPerm extractEntry test/fixtures/warnings/amp.html
345 silly gunzTarPerm modified mode [ 'test/fixtures/warnings/amp.html', 420, 438 ]
346 silly gunzTarPerm extractEntry test/fixtures/warnings/ent9.xml
347 silly gunzTarPerm modified mode [ 'test/fixtures/warnings/ent9.xml', 420, 438 ]
348 silly gunzTarPerm extractEntry .travis.yml
349 silly gunzTarPerm modified mode [ '.travis.yml', 420, 438 ]
350 silly gunzTarPerm extractEntry src/xml_element.h
351 silly gunzTarPerm modified mode [ 'src/xml_element.h', 420, 438 ]
352 silly gunzTarPerm extractEntry src/html_document.cc
353 silly gunzTarPerm modified mode [ 'src/html_document.cc', 420, 438 ]
354 silly gunzTarPerm extractEntry src/libxmljs.cc
355 silly gunzTarPerm modified mode [ 'src/libxmljs.cc', 420, 438 ]
356 silly gunzTarPerm extractEntry src/libxmljs.h
357 silly gunzTarPerm modified mode [ 'src/libxmljs.h', 420, 438 ]
358 silly gunzTarPerm extractEntry src/xml_attribute.cc
359 silly gunzTarPerm modified mode [ 'src/xml_attribute.cc', 420, 438 ]
360 silly gunzTarPerm extractEntry src/xml_attribute.h
361 silly gunzTarPerm modified mode [ 'src/xml_attribute.h', 420, 438 ]
362 silly gunzTarPerm extractEntry src/xml_comment.cc
363 silly gunzTarPerm modified mode [ 'src/xml_comment.cc', 420, 438 ]
364 silly gunzTarPerm extractEntry src/xml_comment.h
365 silly gunzTarPerm modified mode [ 'src/xml_comment.h', 420, 438 ]
366 silly gunzTarPerm extractEntry src/xml_document.cc
367 silly gunzTarPerm modified mode [ 'src/xml_document.cc', 420, 438 ]
368 silly gunzTarPerm extractEntry src/xml_document.h
369 silly gunzTarPerm modified mode [ 'src/xml_document.h', 420, 438 ]
370 silly gunzTarPerm extractEntry src/xml_element.cc
371 silly gunzTarPerm modified mode [ 'src/xml_element.cc', 420, 438 ]
372 silly gunzTarPerm extractEntry src/html_document.h
373 silly gunzTarPerm modified mode [ 'src/html_document.h', 420, 438 ]
374 silly gunzTarPerm extractEntry src/xml_namespace.cc
375 silly gunzTarPerm modified mode [ 'src/xml_namespace.cc', 420, 438 ]
376 silly gunzTarPerm extractEntry src/xml_namespace.h
377 silly gunzTarPerm modified mode [ 'src/xml_namespace.h', 420, 438 ]
378 silly gunzTarPerm extractEntry src/xml_node.cc
379 silly gunzTarPerm modified mode [ 'src/xml_node.cc', 420, 438 ]
380 silly gunzTarPerm extractEntry src/xml_node.h
381 silly gunzTarPerm modified mode [ 'src/xml_node.h', 420, 438 ]
382 silly gunzTarPerm extractEntry src/xml_sax_parser.cc
383 silly gunzTarPerm modified mode [ 'src/xml_sax_parser.cc', 420, 438 ]
384 silly gunzTarPerm extractEntry src/xml_sax_parser.h
385 silly gunzTarPerm modified mode [ 'src/xml_sax_parser.h', 420, 438 ]
386 silly gunzTarPerm extractEntry src/xml_syntax_error.cc
387 silly gunzTarPerm modified mode [ 'src/xml_syntax_error.cc', 420, 438 ]
388 silly gunzTarPerm extractEntry src/xml_syntax_error.h
389 silly gunzTarPerm modified mode [ 'src/xml_syntax_error.h', 420, 438 ]
390 silly gunzTarPerm extractEntry src/xml_xpath_context.cc
391 silly gunzTarPerm modified mode [ 'src/xml_xpath_context.cc', 420, 438 ]
392 silly gunzTarPerm extractEntry src/xml_xpath_context.h
393 silly gunzTarPerm modified mode [ 'src/xml_xpath_context.h', 420, 438 ]
394 silly gunzTarPerm extractEntry vendor/libxml/schematron.c
395 silly gunzTarPerm modified mode [ 'vendor/libxml/schematron.c', 420, 438 ]
396 silly gunzTarPerm extractEntry vendor/libxml/DOCBparser.c
397 silly gunzTarPerm modified mode [ 'vendor/libxml/DOCBparser.c', 420, 438 ]
398 silly gunzTarPerm extractEntry vendor/libxml/HTMLtree.c
399 silly gunzTarPerm modified mode [ 'vendor/libxml/HTMLtree.c', 420, 438 ]
400 silly gunzTarPerm extractEntry vendor/libxml/SAX.c
401 silly gunzTarPerm modified mode [ 'vendor/libxml/SAX.c', 420, 438 ]
402 silly gunzTarPerm extractEntry vendor/libxml/SAX2.c
403 silly gunzTarPerm modified mode [ 'vendor/libxml/SAX2.c', 420, 438 ]
404 silly gunzTarPerm extractEntry vendor/libxml/buf.c
405 silly gunzTarPerm modified mode [ 'vendor/libxml/buf.c', 420, 438 ]
406 silly gunzTarPerm extractEntry vendor/libxml/buf.h
407 silly gunzTarPerm modified mode [ 'vendor/libxml/buf.h', 420, 438 ]
408 silly gunzTarPerm extractEntry vendor/libxml/c14n.c
409 silly gunzTarPerm modified mode [ 'vendor/libxml/c14n.c', 420, 438 ]
410 silly gunzTarPerm extractEntry vendor/libxml/catalog.c
411 silly gunzTarPerm modified mode [ 'vendor/libxml/catalog.c', 420, 438 ]
412 silly gunzTarPerm extractEntry vendor/libxml/chvalid.c
413 silly gunzTarPerm modified mode [ 'vendor/libxml/chvalid.c', 420, 438 ]
414 silly gunzTarPerm extractEntry vendor/libxml/config.h
415 silly gunzTarPerm modified mode [ 'vendor/libxml/config.h', 420, 438 ]
416 silly gunzTarPerm extractEntry vendor/libxml/debugXML.c
417 silly gunzTarPerm modified mode [ 'vendor/libxml/debugXML.c', 420, 438 ]
418 silly gunzTarPerm extractEntry vendor/libxml/dict.c
419 silly gunzTarPerm modified mode [ 'vendor/libxml/dict.c', 420, 438 ]
420 silly gunzTarPerm extractEntry vendor/libxml/elfgcchack.h
421 silly gunzTarPerm modified mode [ 'vendor/libxml/elfgcchack.h', 420, 438 ]
422 silly gunzTarPerm extractEntry vendor/libxml/enc.h
423 silly gunzTarPerm modified mode [ 'vendor/libxml/enc.h', 420, 438 ]
424 silly gunzTarPerm extractEntry vendor/libxml/encoding.c
425 silly gunzTarPerm modified mode [ 'vendor/libxml/encoding.c', 420, 438 ]
426 silly gunzTarPerm extractEntry vendor/libxml/entities.c
427 silly gunzTarPerm modified mode [ 'vendor/libxml/entities.c', 420, 438 ]
428 silly gunzTarPerm extractEntry vendor/libxml/error.c
429 silly gunzTarPerm modified mode [ 'vendor/libxml/error.c', 420, 438 ]
430 silly gunzTarPerm extractEntry vendor/libxml/globals.c
431 silly gunzTarPerm modified mode [ 'vendor/libxml/globals.c', 420, 438 ]
432 silly gunzTarPerm extractEntry vendor/libxml/hash.c
433 silly gunzTarPerm modified mode [ 'vendor/libxml/hash.c', 420, 438 ]
434 silly gunzTarPerm extractEntry vendor/libxml/include/libxml/schematron.h
435 silly gunzTarPerm modified mode [ 'vendor/libxml/include/libxml/schematron.h', 420, 438 ]
436 silly gunzTarPerm extractEntry vendor/libxml/include/libxml/DOCBparser.h
437 silly gunzTarPerm modified mode [ 'vendor/libxml/include/libxml/DOCBparser.h', 420, 438 ]
438 silly gunzTarPerm extractEntry vendor/libxml/include/libxml/HTMLtree.h
439 silly gunzTarPerm modified mode [ 'vendor/libxml/include/libxml/HTMLtree.h', 420, 438 ]
440 silly gunzTarPerm extractEntry vendor/libxml/include/libxml/Makefile
441 silly gunzTarPerm modified mode [ 'vendor/libxml/include/libxml/Makefile', 420, 438 ]
442 silly gunzTarPerm extractEntry vendor/libxml/include/libxml/Makefile.am
443 silly gunzTarPerm modified mode [ 'vendor/libxml/include/libxml/Makefile.am', 420, 438 ]
444 silly gunzTarPerm extractEntry vendor/libxml/include/libxml/Makefile.in
445 silly gunzTarPerm modified mode [ 'vendor/libxml/include/libxml/Makefile.in', 420, 438 ]
446 silly gunzTarPerm extractEntry vendor/libxml/include/libxml/SAX.h
447 silly gunzTarPerm modified mode [ 'vendor/libxml/include/libxml/SAX.h', 420, 438 ]
448 silly gunzTarPerm extractEntry vendor/libxml/include/libxml/SAX2.h
449 silly gunzTarPerm modified mode [ 'vendor/libxml/include/libxml/SAX2.h', 420, 438 ]
450 silly gunzTarPerm extractEntry vendor/libxml/include/libxml/c14n.h
451 silly gunzTarPerm modified mode [ 'vendor/libxml/include/libxml/c14n.h', 420, 438 ]
452 silly gunzTarPerm extractEntry vendor/libxml/include/libxml/catalog.h
453 silly gunzTarPerm modified mode [ 'vendor/libxml/include/libxml/catalog.h', 420, 438 ]
454 silly gunzTarPerm extractEntry vendor/libxml/include/libxml/chvalid.h
455 silly gunzTarPerm modified mode [ 'vendor/libxml/include/libxml/chvalid.h', 420, 438 ]
456 silly gunzTarPerm extractEntry vendor/libxml/include/libxml/debugXML.h
457 silly gunzTarPerm modified mode [ 'vendor/libxml/include/libxml/debugXML.h', 420, 438 ]
458 silly gunzTarPerm extractEntry vendor/libxml/include/libxml/dict.h
459 silly gunzTarPerm modified mode [ 'vendor/libxml/include/libxml/dict.h', 420, 438 ]
460 silly gunzTarPerm extractEntry vendor/libxml/include/libxml/encoding.h
461 silly gunzTarPerm modified mode [ 'vendor/libxml/include/libxml/encoding.h', 420, 438 ]
462 silly gunzTarPerm extractEntry vendor/libxml/include/libxml/entities.h
463 silly gunzTarPerm modified mode [ 'vendor/libxml/include/libxml/entities.h', 420, 438 ]
464 silly gunzTarPerm extractEntry vendor/libxml/include/libxml/globals.h
465 silly gunzTarPerm modified mode [ 'vendor/libxml/include/libxml/globals.h', 420, 438 ]
466 silly gunzTarPerm extractEntry vendor/libxml/include/libxml/hash.h
467 silly gunzTarPerm modified mode [ 'vendor/libxml/include/libxml/hash.h', 420, 438 ]
468 silly gunzTarPerm extractEntry vendor/libxml/include/libxml/list.h
469 silly gunzTarPerm modified mode [ 'vendor/libxml/include/libxml/list.h', 420, 438 ]
470 silly gunzTarPerm extractEntry vendor/libxml/include/libxml/nanoftp.h
471 silly gunzTarPerm modified mode [ 'vendor/libxml/include/libxml/nanoftp.h', 420, 438 ]
472 silly gunzTarPerm extractEntry vendor/libxml/include/libxml/nanohttp.h
473 silly gunzTarPerm modified mode [ 'vendor/libxml/include/libxml/nanohttp.h', 420, 438 ]
474 silly gunzTarPerm extractEntry vendor/libxml/include/libxml/parser.h
475 silly gunzTarPerm modified mode [ 'vendor/libxml/include/libxml/parser.h', 420, 438 ]
476 silly gunzTarPerm extractEntry vendor/libxml/include/libxml/parserInternals.h
477 silly gunzTarPerm modified mode [ 'vendor/libxml/include/libxml/parserInternals.h', 420, 438 ]
478 silly gunzTarPerm extractEntry vendor/libxml/include/libxml/pattern.h
479 silly gunzTarPerm modified mode [ 'vendor/libxml/include/libxml/pattern.h', 420, 438 ]
480 silly gunzTarPerm extractEntry vendor/libxml/include/libxml/relaxng.h
481 silly gunzTarPerm modified mode [ 'vendor/libxml/include/libxml/relaxng.h', 420, 438 ]
482 silly gunzTarPerm extractEntry vendor/libxml/include/libxml/schemasInternals.h
483 silly gunzTarPerm modified mode [ 'vendor/libxml/include/libxml/schemasInternals.h', 420, 438 ]
484 silly gunzTarPerm extractEntry vendor/libxml/include/libxml/HTMLparser.h
485 silly gunzTarPerm modified mode [ 'vendor/libxml/include/libxml/HTMLparser.h', 420, 438 ]
486 silly gunzTarPerm extractEntry vendor/libxml/include/libxml/threads.h
487 silly gunzTarPerm modified mode [ 'vendor/libxml/include/libxml/threads.h', 420, 438 ]
488 silly gunzTarPerm extractEntry vendor/libxml/include/libxml/tree.h
489 silly gunzTarPerm modified mode [ 'vendor/libxml/include/libxml/tree.h', 420, 438 ]
490 silly gunzTarPerm extractEntry vendor/libxml/include/libxml/uri.h
491 silly gunzTarPerm modified mode [ 'vendor/libxml/include/libxml/uri.h', 420, 438 ]
492 silly gunzTarPerm extractEntry vendor/libxml/include/libxml/valid.h
493 silly gunzTarPerm modified mode [ 'vendor/libxml/include/libxml/valid.h', 420, 438 ]
494 silly gunzTarPerm extractEntry vendor/libxml/include/libxml/xinclude.h
495 silly gunzTarPerm modified mode [ 'vendor/libxml/include/libxml/xinclude.h', 420, 438 ]
496 silly gunzTarPerm extractEntry vendor/libxml/include/libxml/xlink.h
497 silly gunzTarPerm modified mode [ 'vendor/libxml/include/libxml/xlink.h', 420, 438 ]
498 silly gunzTarPerm extractEntry vendor/libxml/include/libxml/xmlIO.h
499 silly gunzTarPerm modified mode [ 'vendor/libxml/include/libxml/xmlIO.h', 420, 438 ]
500 silly gunzTarPerm extractEntry vendor/libxml/include/libxml/xmlautomata.h
501 silly gunzTarPerm modified mode [ 'vendor/libxml/include/libxml/xmlautomata.h', 420, 438 ]
502 silly gunzTarPerm extractEntry vendor/libxml/include/libxml/xmlerror.h
503 silly gunzTarPerm modified mode [ 'vendor/libxml/include/libxml/xmlerror.h', 420, 438 ]
504 silly gunzTarPerm extractEntry vendor/libxml/include/libxml/xmlexports.h
505 silly gunzTarPerm modified mode [ 'vendor/libxml/include/libxml/xmlexports.h', 420, 438 ]
506 silly gunzTarPerm extractEntry vendor/libxml/include/libxml/xmlmemory.h
507 silly gunzTarPerm modified mode [ 'vendor/libxml/include/libxml/xmlmemory.h', 420, 438 ]
508 silly gunzTarPerm extractEntry vendor/libxml/include/libxml/xmlmodule.h
509 silly gunzTarPerm modified mode [ 'vendor/libxml/include/libxml/xmlmodule.h', 420, 438 ]
510 silly gunzTarPerm extractEntry vendor/libxml/include/libxml/xmlreader.h
511 silly gunzTarPerm modified mode [ 'vendor/libxml/include/libxml/xmlreader.h', 420, 438 ]
512 silly gunzTarPerm extractEntry vendor/libxml/include/libxml/xmlregexp.h
513 silly gunzTarPerm modified mode [ 'vendor/libxml/include/libxml/xmlregexp.h', 420, 438 ]
514 silly gunzTarPerm extractEntry vendor/libxml/include/libxml/xmlsave.h
515 silly gunzTarPerm modified mode [ 'vendor/libxml/include/libxml/xmlsave.h', 420, 438 ]
516 silly gunzTarPerm extractEntry vendor/libxml/include/libxml/xmlschemas.h
517 silly gunzTarPerm modified mode [ 'vendor/libxml/include/libxml/xmlschemas.h', 420, 438 ]
518 silly gunzTarPerm extractEntry vendor/libxml/include/libxml/xmlschemastypes.h
519 silly gunzTarPerm modified mode [ 'vendor/libxml/include/libxml/xmlschemastypes.h', 420, 438 ]
520 silly gunzTarPerm extractEntry vendor/libxml/include/libxml/xmlstring.h
521 silly gunzTarPerm modified mode [ 'vendor/libxml/include/libxml/xmlstring.h', 420, 438 ]
522 silly gunzTarPerm extractEntry vendor/libxml/include/libxml/xmlunicode.h
523 silly gunzTarPerm modified mode [ 'vendor/libxml/include/libxml/xmlunicode.h', 420, 438 ]
524 silly gunzTarPerm extractEntry vendor/libxml/include/libxml/xmlversion.h
525 silly gunzTarPerm modified mode [ 'vendor/libxml/include/libxml/xmlversion.h', 420, 438 ]
526 silly gunzTarPerm extractEntry vendor/libxml/include/libxml/xmlwriter.h
527 silly gunzTarPerm modified mode [ 'vendor/libxml/include/libxml/xmlwriter.h', 420, 438 ]
528 silly gunzTarPerm extractEntry vendor/libxml/include/libxml/xpath.h
529 silly gunzTarPerm modified mode [ 'vendor/libxml/include/libxml/xpath.h', 420, 438 ]
530 silly gunzTarPerm extractEntry vendor/libxml/include/libxml/xpathInternals.h
531 silly gunzTarPerm modified mode [ 'vendor/libxml/include/libxml/xpathInternals.h', 420, 438 ]
532 silly gunzTarPerm extractEntry vendor/libxml/include/libxml/xpointer.h
533 silly gunzTarPerm modified mode [ 'vendor/libxml/include/libxml/xpointer.h', 420, 438 ]
534 silly gunzTarPerm extractEntry vendor/libxml/include/win32config.h
535 silly gunzTarPerm modified mode [ 'vendor/libxml/include/win32config.h', 420, 438 ]
536 silly gunzTarPerm extractEntry vendor/libxml/include/wsockcompat.h
537 silly gunzTarPerm modified mode [ 'vendor/libxml/include/wsockcompat.h', 420, 438 ]
538 silly gunzTarPerm extractEntry vendor/libxml/legacy.c
539 silly gunzTarPerm modified mode [ 'vendor/libxml/legacy.c', 420, 438 ]
540 silly gunzTarPerm extractEntry vendor/libxml/libxml.gyp
541 silly gunzTarPerm modified mode [ 'vendor/libxml/libxml.gyp', 420, 438 ]
542 silly gunzTarPerm extractEntry vendor/libxml/libxml.h
543 silly gunzTarPerm modified mode [ 'vendor/libxml/libxml.h', 420, 438 ]
544 silly gunzTarPerm extractEntry vendor/libxml/list.c
545 silly gunzTarPerm modified mode [ 'vendor/libxml/list.c', 420, 438 ]
546 silly gunzTarPerm extractEntry vendor/libxml/nanoftp.c
547 silly gunzTarPerm modified mode [ 'vendor/libxml/nanoftp.c', 420, 438 ]
548 silly gunzTarPerm extractEntry vendor/libxml/nanohttp.c
549 silly gunzTarPerm modified mode [ 'vendor/libxml/nanohttp.c', 420, 438 ]
550 silly gunzTarPerm extractEntry vendor/libxml/parser.c
551 silly gunzTarPerm modified mode [ 'vendor/libxml/parser.c', 420, 438 ]
552 silly gunzTarPerm extractEntry vendor/libxml/parserInternals.c
553 silly gunzTarPerm modified mode [ 'vendor/libxml/parserInternals.c', 420, 438 ]
554 silly gunzTarPerm extractEntry vendor/libxml/pattern.c
555 silly gunzTarPerm modified mode [ 'vendor/libxml/pattern.c', 420, 438 ]
556 silly gunzTarPerm extractEntry vendor/libxml/relaxng.c
557 silly gunzTarPerm modified mode [ 'vendor/libxml/relaxng.c', 420, 438 ]
558 silly gunzTarPerm extractEntry vendor/libxml/runsuite.c
559 silly gunzTarPerm modified mode [ 'vendor/libxml/runsuite.c', 420, 438 ]
560 silly gunzTarPerm extractEntry vendor/libxml/save.h
561 silly gunzTarPerm modified mode [ 'vendor/libxml/save.h', 420, 438 ]
562 silly gunzTarPerm extractEntry vendor/libxml/HTMLparser.c
563 silly gunzTarPerm modified mode [ 'vendor/libxml/HTMLparser.c', 420, 438 ]
564 silly gunzTarPerm extractEntry vendor/libxml/threads.c
565 silly gunzTarPerm modified mode [ 'vendor/libxml/threads.c', 420, 438 ]
566 silly gunzTarPerm extractEntry vendor/libxml/timsort.h
567 silly gunzTarPerm modified mode [ 'vendor/libxml/timsort.h', 420, 438 ]
568 silly gunzTarPerm extractEntry vendor/libxml/tree.c
569 silly gunzTarPerm modified mode [ 'vendor/libxml/tree.c', 420, 438 ]
570 silly gunzTarPerm extractEntry vendor/libxml/trio.c
571 silly gunzTarPerm modified mode [ 'vendor/libxml/trio.c', 420, 438 ]
572 silly gunzTarPerm extractEntry vendor/libxml/trio.h
573 silly gunzTarPerm modified mode [ 'vendor/libxml/trio.h', 420, 438 ]
574 silly gunzTarPerm extractEntry vendor/libxml/triodef.h
575 silly gunzTarPerm modified mode [ 'vendor/libxml/triodef.h', 420, 438 ]
576 silly gunzTarPerm extractEntry vendor/libxml/trionan.c
577 silly gunzTarPerm modified mode [ 'vendor/libxml/trionan.c', 420, 438 ]
578 silly gunzTarPerm extractEntry vendor/libxml/trionan.h
579 silly gunzTarPerm modified mode [ 'vendor/libxml/trionan.h', 420, 438 ]
580 silly gunzTarPerm extractEntry vendor/libxml/triop.h
581 silly gunzTarPerm modified mode [ 'vendor/libxml/triop.h', 420, 438 ]
582 silly gunzTarPerm extractEntry vendor/libxml/triostr.c
583 silly gunzTarPerm modified mode [ 'vendor/libxml/triostr.c', 420, 438 ]
584 silly gunzTarPerm extractEntry vendor/libxml/triostr.h
585 silly gunzTarPerm modified mode [ 'vendor/libxml/triostr.h', 420, 438 ]
586 silly gunzTarPerm extractEntry vendor/libxml/uri.c
587 silly gunzTarPerm modified mode [ 'vendor/libxml/uri.c', 420, 438 ]
588 silly gunzTarPerm extractEntry vendor/libxml/valid.c
589 silly gunzTarPerm modified mode [ 'vendor/libxml/valid.c', 420, 438 ]
590 silly gunzTarPerm extractEntry vendor/libxml/xinclude.c
591 silly gunzTarPerm modified mode [ 'vendor/libxml/xinclude.c', 420, 438 ]
592 silly gunzTarPerm extractEntry vendor/libxml/xlink.c
593 silly gunzTarPerm modified mode [ 'vendor/libxml/xlink.c', 420, 438 ]
594 silly gunzTarPerm extractEntry vendor/libxml/xmlIO.c
595 silly gunzTarPerm modified mode [ 'vendor/libxml/xmlIO.c', 420, 438 ]
596 silly gunzTarPerm extractEntry vendor/libxml/xmlcatalog.c
597 silly gunzTarPerm modified mode [ 'vendor/libxml/xmlcatalog.c', 420, 438 ]
598 silly gunzTarPerm extractEntry vendor/libxml/xmllint.c
599 silly gunzTarPerm modified mode [ 'vendor/libxml/xmllint.c', 420, 438 ]
600 silly gunzTarPerm extractEntry vendor/libxml/xmlmemory.c
601 silly gunzTarPerm modified mode [ 'vendor/libxml/xmlmemory.c', 420, 438 ]
602 silly gunzTarPerm extractEntry vendor/libxml/xmlmodule.c
603 silly gunzTarPerm modified mode [ 'vendor/libxml/xmlmodule.c', 420, 438 ]
604 silly gunzTarPerm extractEntry vendor/libxml/xmlreader.c
605 silly gunzTarPerm modified mode [ 'vendor/libxml/xmlreader.c', 420, 438 ]
606 silly gunzTarPerm extractEntry vendor/libxml/xmlregexp.c
607 silly gunzTarPerm modified mode [ 'vendor/libxml/xmlregexp.c', 420, 438 ]
608 silly gunzTarPerm extractEntry vendor/libxml/xmlsave.c
609 silly gunzTarPerm modified mode [ 'vendor/libxml/xmlsave.c', 420, 438 ]
610 silly gunzTarPerm extractEntry vendor/libxml/xmlschemas.c
611 silly gunzTarPerm modified mode [ 'vendor/libxml/xmlschemas.c', 420, 438 ]
612 silly gunzTarPerm extractEntry vendor/libxml/xmlschemastypes.c
613 silly gunzTarPerm modified mode [ 'vendor/libxml/xmlschemastypes.c', 420, 438 ]
614 silly gunzTarPerm extractEntry vendor/libxml/xmlstring.c
615 silly gunzTarPerm modified mode [ 'vendor/libxml/xmlstring.c', 420, 438 ]
616 silly gunzTarPerm extractEntry vendor/libxml/xmlunicode.c
617 silly gunzTarPerm modified mode [ 'vendor/libxml/xmlunicode.c', 420, 438 ]
618 silly gunzTarPerm extractEntry vendor/libxml/xmlwriter.c
619 silly gunzTarPerm modified mode [ 'vendor/libxml/xmlwriter.c', 420, 438 ]
620 silly gunzTarPerm extractEntry vendor/libxml/xpath.c
621 silly gunzTarPerm modified mode [ 'vendor/libxml/xpath.c', 420, 438 ]
622 silly gunzTarPerm extractEntry vendor/libxml/xpointer.c
623 silly gunzTarPerm modified mode [ 'vendor/libxml/xpointer.c', 420, 438 ]
624 silly gunzTarPerm extractEntry vendor/libxml/xzlib.c
625 silly gunzTarPerm modified mode [ 'vendor/libxml/xzlib.c', 420, 438 ]
626 silly gunzTarPerm extractEntry vendor/libxml/xzlib.h
627 silly gunzTarPerm modified mode [ 'vendor/libxml/xzlib.h', 420, 438 ]
628 silly doParallel preinstall 3
629 silly preinstall bindings@1.2.1 C:\Users\hibou_000\Documents\GitHub\fabrik\node_modules\.staging\bindings-7eeadf1e39670be809aec6cd05088d7a
630 info lifecycle bindings@1.2.1~preinstall: bindings@1.2.1
631 silly preinstall nan@2.0.7 C:\Users\hibou_000\Documents\GitHub\fabrik\node_modules\.staging\nan-544a886e543925696d2739f410168073
632 info lifecycle nan@2.0.7~preinstall: nan@2.0.7
633 silly preinstall libxmljs@0.15.0 C:\Users\hibou_000\Documents\GitHub\fabrik\node_modules\.staging\libxmljs-c1bc593a73f6742e865660931bef2b94
634 info lifecycle libxmljs@0.15.0~preinstall: libxmljs@0.15.0
635 silly lifecycle bindings@1.2.1~preinstall: no script for preinstall, continuing
636 silly lifecycle nan@2.0.7~preinstall: no script for preinstall, continuing
637 silly lifecycle libxmljs@0.15.0~preinstall: no script for preinstall, continuing
638 silly doReverseSerial remove 0
639 silly doSerial move 0
640 silly doSerial finalize 3
641 silly finalize C:\Users\hibou_000\Documents\GitHub\fabrik\node_modules\bindings
642 silly finalize C:\Users\hibou_000\Documents\GitHub\fabrik\node_modules\nan
643 silly finalize C:\Users\hibou_000\Documents\GitHub\fabrik\node_modules\libxmljs
644 silly doSerial build 3
645 silly build bindings@1.2.1
646 info linkStuff bindings@1.2.1
647 silly linkStuff bindings@1.2.1 has C:\Users\hibou_000\Documents\GitHub\fabrik\node_modules as its parent node_modules
648 verbose linkBins bindings@1.2.1
649 verbose linkMans bindings@1.2.1
650 silly build nan@2.0.7
651 info linkStuff nan@2.0.7
652 silly linkStuff nan@2.0.7 has C:\Users\hibou_000\Documents\GitHub\fabrik\node_modules as its parent node_modules
653 verbose linkBins nan@2.0.7
654 verbose linkMans nan@2.0.7
655 silly build libxmljs@0.15.0
656 info linkStuff libxmljs@0.15.0
657 silly linkStuff libxmljs@0.15.0 has C:\Users\hibou_000\Documents\GitHub\fabrik\node_modules as its parent node_modules
658 verbose linkBins libxmljs@0.15.0
659 verbose linkMans libxmljs@0.15.0
660 silly doSerial global-link 0
661 silly doParallel update-linked 0
662 silly doSerial install 3
663 silly install bindings@1.2.1 C:\Users\hibou_000\Documents\GitHub\fabrik\node_modules\.staging\bindings-7eeadf1e39670be809aec6cd05088d7a
664 info lifecycle bindings@1.2.1~install: bindings@1.2.1
665 silly lifecycle bindings@1.2.1~install: no script for install, continuing
666 silly install nan@2.0.7 C:\Users\hibou_000\Documents\GitHub\fabrik\node_modules\.staging\nan-544a886e543925696d2739f410168073
667 info lifecycle nan@2.0.7~install: nan@2.0.7
668 silly lifecycle nan@2.0.7~install: no script for install, continuing
669 silly install libxmljs@0.15.0 C:\Users\hibou_000\Documents\GitHub\fabrik\node_modules\.staging\libxmljs-c1bc593a73f6742e865660931bef2b94
670 info lifecycle libxmljs@0.15.0~install: libxmljs@0.15.0
671 verbose lifecycle libxmljs@0.15.0~install: unsafe-perm in lifecycle true
672 verbose lifecycle libxmljs@0.15.0~install: PATH: C:\Program Files\nodejs\node_modules\npm\bin\node-gyp-bin;C:\Users\hibou_000\Documents\GitHub\fabrik\node_modules\libxmljs\node_modules\.bin;C:\Users\hibou_000\Documents\GitHub\fabrik\node_modules\.bin;C:\Program Files\Broadcom\Broadcom 802.11 Network Adapter\Driver;C:\Program Files (x86)\Intel\iCLS Client\;C:\Program Files\Intel\iCLS Client\;C:\WINDOWS\system32;C:\WINDOWS;C:\WINDOWS\System32\Wbem;C:\WINDOWS\System32\WindowsPowerShell\v1.0\;C:\Program Files\Intel\Intel(R) Management Engine Components\DAL;C:\Program Files\Intel\Intel(R) Management Engine Components\IPT;C:\Program Files (x86)\Intel\Intel(R) Management Engine Components\DAL;C:\Program Files (x86)\Intel\Intel(R) Management Engine Components\IPT;C:\Program Files\Lenovo\Bluetooth Software\;C:\Program Files\Lenovo\Bluetooth Software\syswow64;C:\Program Files (x86)\Intel\OpenCL SDK\2.0\bin\x86;C:\Program Files (x86)\Intel\OpenCL SDK\2.0\bin\x64;C:\Program Files\Lenovo Fingerprint Reader\;C:\Program Files\Lenovo Fingerprint Reader\x86\;C:\ProgramData\Lenovo\ReadyApps;C:\Program Files (x86)\Windows Live\Shared;C:\Program Files (x86)\Estonian ID Card\;C:\Program Files\TortoiseGit\bin;C:\Program Files (x86)\Skype\Phone\;C:\Program Files\nodejs\;C:\Users\hibou_000\AppData\Roaming\npm
673 verbose lifecycle libxmljs@0.15.0~install: CWD: C:\Users\hibou_000\Documents\GitHub\fabrik\node_modules\libxmljs
674 silly lifecycle libxmljs@0.15.0~install: Args: [ '/d /s /c', 'node-gyp rebuild' ]
675 silly lifecycle libxmljs@0.15.0~install: Returned: code: 1  signal: null
676 info lifecycle libxmljs@0.15.0~install: Failed to exec install script
677 verbose unlock done using C:\Users\hibou_000\AppData\Roaming\npm-cache\_locks\staging-5cd8fc5838ab0209.lock for C:\Users\hibou_000\Documents\GitHub\fabrik\node_modules\.staging
678 silly rollbackFailedOptional Starting
679 silly rollbackFailedOptional Finishing
680 silly runTopLevelLifecycles Starting
681 silly runTopLevelLifecycles Finishing
682 silly install printInstalled
683 warn EPACKAGEJSON Fabrik@0.1.0 No repository field.
684 warn EPACKAGEJSON Fabrik@0.1.0 No license field.
685 verbose stack Error: libxmljs@0.15.0 install: `node-gyp rebuild`
685 verbose stack Exit status 1
685 verbose stack     at EventEmitter.<anonymous> (C:\Program Files\nodejs\node_modules\npm\lib\utils\lifecycle.js:232:16)
685 verbose stack     at emitTwo (events.js:87:13)
685 verbose stack     at EventEmitter.emit (events.js:172:7)
685 verbose stack     at ChildProcess.<anonymous> (C:\Program Files\nodejs\node_modules\npm\lib\utils\spawn.js:24:14)
685 verbose stack     at emitTwo (events.js:87:13)
685 verbose stack     at ChildProcess.emit (events.js:172:7)
685 verbose stack     at maybeClose (internal/child_process.js:818:16)
685 verbose stack     at Process.ChildProcess._handle.onexit (internal/child_process.js:211:5)
686 verbose pkgid libxmljs@0.15.0
687 verbose cwd C:\Users\hibou_000\Documents\GitHub\fabrik
688 error Windows_NT 10.0.10586
689 error argv "C:\\Program Files\\nodejs\\node.exe" "C:\\Program Files\\nodejs\\node_modules\\npm\\bin\\npm-cli.js" "install" "libxmljs"
690 error node v5.3.0
691 error npm  v3.3.12
692 error code ELIFECYCLE
693 error libxmljs@0.15.0 install: `node-gyp rebuild`
693 error Exit status 1
694 error Failed at the libxmljs@0.15.0 install script 'node-gyp rebuild'.
694 error Make sure you have the latest version of node.js and npm installed.
694 error If you do, this is most likely a problem with the libxmljs package,
694 error not with npm itself.
694 error Tell the author that this fails on your system:
694 error     node-gyp rebuild
694 error You can get their info via:
694 error     npm owner ls libxmljs
694 error There is likely additional logging output above.
695 verbose exit [ 1, true ]
